<?xml version="1.0" encoding="UTF-8"?>
<!-- Generated by org.testng.reporters.JUnitReportReporter -->
<testsuite hostname="MacBookPro.lan" failures="11" tests="286" name="lms.Runner.TestRunner$TestNGTestRunner" time="1986.896" errors="43" timestamp="2025-02-24T22:04:55 EST" skipped="0">
  <testcase classname="lms.Runner.TestRunner$TestNGTestRunner" name="runScenario" time="4.960"/>
  <testcase classname="lms.Runner.TestRunner$TestNGTestRunner" name="runScenario" time="5.258"/>
  <testcase classname="lms.Runner.TestRunner$TestNGTestRunner" name="runScenario" time="4.616"/>
  <testcase classname="lms.Runner.TestRunner$TestNGTestRunner" name="runScenario" time="5.161"/>
  <testcase classname="lms.Runner.TestRunner$TestNGTestRunner" name="runScenario" time="4.386"/>
  <testcase classname="lms.Runner.TestRunner$TestNGTestRunner" name="runScenario" time="11.457">
    <error message="Index 0 out of bounds for length 0" type="java.lang.IndexOutOfBoundsException">
      <![CDATA[java.lang.IndexOutOfBoundsException: Index 0 out of bounds for length 0
at java.base/jdk.internal.util.Preconditions.outOfBounds(Preconditions.java:100)
at java.base/jdk.internal.util.Preconditions.outOfBoundsCheckIndex(Preconditions.java:106)
at java.base/jdk.internal.util.Preconditions.checkIndex(Preconditions.java:302)
at java.base/java.util.Objects.checkIndex(Objects.java:385)
at java.base/java.util.ArrayList.get(ArrayList.java:427)
at java.base/jdk.internal.reflect.DirectMethodHandleAccessor.invoke(DirectMethodHandleAccessor.java:104)
at java.base/java.lang.reflect.Method.invoke(Method.java:578)
at org.openqa.selenium.support.pagefactory.internal.LocatingElementListHandler.invoke(LocatingElementListHandler.java:39)
at jdk.proxy2/jdk.proxy2.$Proxy46.get(Unknown Source)
at lms.PageObjects.ProgramPage.programName(ProgramPage.java:404)
at lms.StepDefinitions.EditProgram_StepDefinition.admin_can_change_the_status_of_the_program_and_click_on_save_button(EditProgram_StepDefinition.java:95)
at ✽.Admin can change the status of the program and click on save button(file:///Users/uvaraj/eclipse-workspace/Team12_TechRockstars_LMS_UI_Phase2/src/test/resources/Features/15_EditProgram.feature:50)
]]>
    </error>
  </testcase> <!-- runScenario -->
  <testcase classname="lms.Runner.TestRunner$TestNGTestRunner" name="runScenario" time="4.563"/>
  <testcase classname="lms.Runner.TestRunner$TestNGTestRunner" name="runScenario" time="5.716">
    <error message="stale element reference: stale element not found in the current frame
  (Session info: chrome=133.0.6943.127)
For documentation on this error, please visit: https://www.selenium.dev/documentation/webdriver/troubleshooting/errors#stale-element-reference-exception
Build info: version: &#039;4.28.1&#039;, revision: &#039;73f5ad48a2&#039;
System info: os.name: &#039;Mac OS X&#039;, os.arch: &#039;x86_64&#039;, os.version: &#039;15.1.1&#039;, java.version: &#039;19.0.1&#039;
Driver info: org.openqa.selenium.chrome.ChromeDriver
Command: [5b28153f68c1789b3472e3f5aa6cd392, getElementText {id=f.EFCECF9E67BEF75646D852D29538E730.d.0692E8AE3900AEE54F98B9763E629473.e.33}]
Capabilities {acceptInsecureCerts: false, browserName: chrome, browserVersion: 133.0.6943.127, chrome: {chromedriverVersion: 133.0.6943.126 (cffa127ce7b..., userDataDir: /var/folders/9x/bfy4ys6j4vn...}, fedcm:accounts: true, goog:chromeOptions: {debuggerAddress: localhost:55700}, networkConnectionEnabled: false, pageLoadStrategy: normal, platformName: mac, proxy: Proxy(), se:cdp: ws://localhost:55700/devtoo..., se:cdpVersion: 133.0.6943.127, setWindowRect: true, strictFileInteractability: false, timeouts: {implicit: 0, pageLoad: 300000, script: 30000}, unhandledPromptBehavior: dismiss and notify, webauthn:extension:credBlob: true, webauthn:extension:largeBlob: true, webauthn:extension:minPinLength: true, webauthn:extension:prf: true, webauthn:virtualAuthenticators: true}
Element: [[ChromeDriver: chrome on mac (5b28153f68c1789b3472e3f5aa6cd392)] -&gt; xpath: //span[text()=&#039; Student &#039;]]
Session ID: 5b28153f68c1789b3472e3f5aa6cd392" type="org.openqa.selenium.StaleElementReferenceException">
      <![CDATA[org.openqa.selenium.StaleElementReferenceException: stale element reference: stale element not found in the current frame
  (Session info: chrome=133.0.6943.127)
For documentation on this error, please visit: https://www.selenium.dev/documentation/webdriver/troubleshooting/errors#stale-element-reference-exception
Build info: version: '4.28.1', revision: '73f5ad48a2'
System info: os.name: 'Mac OS X', os.arch: 'x86_64', os.version: '15.1.1', java.version: '19.0.1'
Driver info: org.openqa.selenium.chrome.ChromeDriver
Command: [5b28153f68c1789b3472e3f5aa6cd392, getElementText {id=f.EFCECF9E67BEF75646D852D29538E730.d.0692E8AE3900AEE54F98B9763E629473.e.33}]
Capabilities {acceptInsecureCerts: false, browserName: chrome, browserVersion: 133.0.6943.127, chrome: {chromedriverVersion: 133.0.6943.126 (cffa127ce7b..., userDataDir: /var/folders/9x/bfy4ys6j4vn...}, fedcm:accounts: true, goog:chromeOptions: {debuggerAddress: localhost:55700}, networkConnectionEnabled: false, pageLoadStrategy: normal, platformName: mac, proxy: Proxy(), se:cdp: ws://localhost:55700/devtoo..., se:cdpVersion: 133.0.6943.127, setWindowRect: true, strictFileInteractability: false, timeouts: {implicit: 0, pageLoad: 300000, script: 30000}, unhandledPromptBehavior: dismiss and notify, webauthn:extension:credBlob: true, webauthn:extension:largeBlob: true, webauthn:extension:minPinLength: true, webauthn:extension:prf: true, webauthn:virtualAuthenticators: true}
Element: [[ChromeDriver: chrome on mac (5b28153f68c1789b3472e3f5aa6cd392)] -> xpath: //span[text()=' Student ']]
Session ID: 5b28153f68c1789b3472e3f5aa6cd392
at java.base/jdk.internal.reflect.DirectConstructorHandleAccessor.newInstance(DirectConstructorHandleAccessor.java:67)
at java.base/java.lang.reflect.Constructor.newInstanceWithCaller(Constructor.java:500)
at java.base/java.lang.reflect.Constructor.newInstance(Constructor.java:484)
at org.openqa.selenium.remote.ErrorCodec.decode(ErrorCodec.java:167)
at org.openqa.selenium.remote.codec.w3c.W3CHttpResponseCodec.decode(W3CHttpResponseCodec.java:138)
at org.openqa.selenium.remote.codec.w3c.W3CHttpResponseCodec.decode(W3CHttpResponseCodec.java:50)
at org.openqa.selenium.remote.HttpCommandExecutor.execute(HttpCommandExecutor.java:215)
at org.openqa.selenium.remote.service.DriverCommandExecutor.invokeExecute(DriverCommandExecutor.java:216)
at org.openqa.selenium.remote.service.DriverCommandExecutor.execute(DriverCommandExecutor.java:174)
at org.openqa.selenium.remote.RemoteWebDriver.execute(RemoteWebDriver.java:545)
at org.openqa.selenium.remote.RemoteWebElement.execute(RemoteWebElement.java:223)
at org.openqa.selenium.remote.RemoteWebElement.getText(RemoteWebElement.java:191)
at java.base/jdk.internal.reflect.DirectMethodHandleAccessor.invoke(DirectMethodHandleAccessor.java:104)
at java.base/java.lang.reflect.Method.invoke(Method.java:578)
at org.openqa.selenium.support.pagefactory.internal.LocatingElementHandler.invoke(LocatingElementHandler.java:51)
at jdk.proxy2/jdk.proxy2.$Proxy44.getText(Unknown Source)
at lms.PageObjects.LoginPage.getDropdownOption(LoginPage.java:221)
at lms.StepDefinitions.Login_StepDefinition.admin_should_see_options_in_dropdown(Login_StepDefinition.java:130)
at ✽.Admin should see "Admin , Staff, Student" options in dropdown(file:///Users/uvaraj/eclipse-workspace/Team12_TechRockstars_LMS_UI_Phase2/src/test/resources/Features/01_Login.feature:87)
]]>
    </error>
  </testcase> <!-- runScenario -->
  <testcase classname="lms.Runner.TestRunner$TestNGTestRunner" name="runScenario" time="4.040"/>
  <testcase classname="lms.Runner.TestRunner$TestNGTestRunner" name="runScenario" time="5.159"/>
  <testcase classname="lms.Runner.TestRunner$TestNGTestRunner" name="runScenario" time="4.914"/>
  <testcase classname="lms.Runner.TestRunner$TestNGTestRunner" name="runScenario" time="5.317"/>
  <testcase classname="lms.Runner.TestRunner$TestNGTestRunner" name="runScenario" time="4.775"/>
  <testcase classname="lms.Runner.TestRunner$TestNGTestRunner" name="runScenario" time="4.810"/>
  <testcase classname="lms.Runner.TestRunner$TestNGTestRunner" name="runScenario" time="4.370"/>
  <testcase classname="lms.Runner.TestRunner$TestNGTestRunner" name="runScenario" time="7.005"/>
  <testcase classname="lms.Runner.TestRunner$TestNGTestRunner" name="runScenario" time="4.855"/>
  <testcase classname="lms.Runner.TestRunner$TestNGTestRunner" name="runScenario" time="12.156">
    <error message="Index 0 out of bounds for length 0" type="java.lang.IndexOutOfBoundsException">
      <![CDATA[java.lang.IndexOutOfBoundsException: Index 0 out of bounds for length 0
at java.base/jdk.internal.util.Preconditions.outOfBounds(Preconditions.java:100)
at java.base/jdk.internal.util.Preconditions.outOfBoundsCheckIndex(Preconditions.java:106)
at java.base/jdk.internal.util.Preconditions.checkIndex(Preconditions.java:302)
at java.base/java.util.Objects.checkIndex(Objects.java:385)
at java.base/java.util.ArrayList.get(ArrayList.java:427)
at java.base/jdk.internal.reflect.DirectMethodHandleAccessor.invoke(DirectMethodHandleAccessor.java:104)
at java.base/java.lang.reflect.Method.invoke(Method.java:578)
at org.openqa.selenium.support.pagefactory.internal.LocatingElementListHandler.invoke(LocatingElementListHandler.java:39)
at jdk.proxy2/jdk.proxy2.$Proxy46.get(Unknown Source)
at lms.PageObjects.ProgramPage.programName(ProgramPage.java:404)
at lms.StepDefinitions.EditProgram_StepDefinition.admin_verifies_that_the_details_are_correctly_updated(EditProgram_StepDefinition.java:124)
at ✽.Admin verifies that the details are correctly updated.(file:///Users/uvaraj/eclipse-workspace/Team12_TechRockstars_LMS_UI_Phase2/src/test/resources/Features/15_EditProgram.feature:57)
]]>
    </error>
  </testcase> <!-- runScenario -->
  <testcase classname="lms.Runner.TestRunner$TestNGTestRunner" name="runScenario" time="5.514"/>
  <testcase classname="lms.Runner.TestRunner$TestNGTestRunner" name="runScenario" time="4.761"/>
  <testcase classname="lms.Runner.TestRunner$TestNGTestRunner" name="runScenario" time="4.429"/>
  <testcase classname="lms.Runner.TestRunner$TestNGTestRunner" name="runScenario" time="5.561">
    <failure message="expected [false] but found [true]" type="java.lang.AssertionError">
      <![CDATA[java.lang.AssertionError: expected [false] but found [true]
at org.testng.Assert.fail(Assert.java:111)
at org.testng.Assert.failNotEquals(Assert.java:1578)
at org.testng.Assert.assertEqualsImpl(Assert.java:150)
at org.testng.Assert.assertEquals(Assert.java:132)
at org.testng.Assert.assertEquals(Assert.java:1067)
at org.testng.Assert.assertEquals(Assert.java:1031)
at org.testng.Assert.assertEquals(Assert.java:1077)
at lms.StepDefinitions.BatchPageValidation_StepDefinition.admin_should_see_the_disabled_under_the_header(BatchPageValidation_StepDefinition.java:72)
at ✽.Admin should see the disabled "Delete Icon" under the header(file:///Users/uvaraj/eclipse-workspace/Team12_TechRockstars_LMS_UI_Phase2/src/test/resources/Features/05_BatchPageValidation.feature:18)
]]>
    </failure>
  </testcase> <!-- runScenario -->
  <testcase classname="lms.Runner.TestRunner$TestNGTestRunner" name="runScenario" time="4.032"/>
  <testcase classname="lms.Runner.TestRunner$TestNGTestRunner" name="runScenario" time="11.021">
    <error message="Index 0 out of bounds for length 0" type="java.lang.IndexOutOfBoundsException">
      <![CDATA[java.lang.IndexOutOfBoundsException: Index 0 out of bounds for length 0
at java.base/jdk.internal.util.Preconditions.outOfBounds(Preconditions.java:100)
at java.base/jdk.internal.util.Preconditions.outOfBoundsCheckIndex(Preconditions.java:106)
at java.base/jdk.internal.util.Preconditions.checkIndex(Preconditions.java:302)
at java.base/java.util.Objects.checkIndex(Objects.java:385)
at java.base/java.util.ArrayList.get(ArrayList.java:427)
at java.base/jdk.internal.reflect.DirectMethodHandleAccessor.invoke(DirectMethodHandleAccessor.java:104)
at java.base/java.lang.reflect.Method.invoke(Method.java:578)
at org.openqa.selenium.support.pagefactory.internal.LocatingElementListHandler.invoke(LocatingElementListHandler.java:39)
at jdk.proxy2/jdk.proxy2.$Proxy46.get(Unknown Source)
at lms.PageObjects.ProgramPage.programName(ProgramPage.java:404)
at lms.StepDefinitions.EditProgram_StepDefinition.admin_clicks_on_edit_icon_for_particular_program(EditProgram_StepDefinition.java:30)
at ✽.Admin clicks on edit icon for particular program(file:///Users/uvaraj/eclipse-workspace/Team12_TechRockstars_LMS_UI_Phase2/src/test/resources/Features/15_EditProgram.feature:11)
]]>
    </error>
  </testcase> <!-- runScenario -->
  <testcase classname="lms.Runner.TestRunner$TestNGTestRunner" name="runScenario" time="4.987"/>
  <testcase classname="lms.Runner.TestRunner$TestNGTestRunner" name="runScenario" time="4.806"/>
  <testcase classname="lms.Runner.TestRunner$TestNGTestRunner" name="runScenario" time="4.392"/>
  <testcase classname="lms.Runner.TestRunner$TestNGTestRunner" name="runScenario" time="12.844"/>
  <testcase classname="lms.Runner.TestRunner$TestNGTestRunner" name="runScenario" time="4.634">
    <failure message="expected [true] but found [false]" type="java.lang.AssertionError">
      <![CDATA[java.lang.AssertionError: expected [true] but found [false]
at org.testng.Assert.fail(Assert.java:111)
at org.testng.Assert.failNotEquals(Assert.java:1578)
at org.testng.Assert.assertTrue(Assert.java:57)
at org.testng.Assert.assertTrue(Assert.java:67)
at lms.StepDefinitions.Login_StepDefinition.error_message(Login_StepDefinition.java:189)
at ✽.Error message "Invalid username and password Please try again"(file:///Users/uvaraj/eclipse-workspace/Team12_TechRockstars_LMS_UI_Phase2/src/test/resources/Features/01_Login.feature:119)
]]>
    </failure>
  </testcase> <!-- runScenario -->
  <testcase classname="lms.Runner.TestRunner$TestNGTestRunner" name="runScenario" time="5.030">
    <failure message="expected [true] but found [false]" type="java.lang.AssertionError">
      <![CDATA[java.lang.AssertionError: expected [true] but found [false]
at org.testng.Assert.fail(Assert.java:111)
at org.testng.Assert.failNotEquals(Assert.java:1578)
at org.testng.Assert.assertTrue(Assert.java:57)
at org.testng.Assert.assertTrue(Assert.java:67)
at lms.StepDefinitions.Login_StepDefinition.error_message(Login_StepDefinition.java:189)
at ✽.Error message "Invalid username and password Please try again"(file:///Users/uvaraj/eclipse-workspace/Team12_TechRockstars_LMS_UI_Phase2/src/test/resources/Features/01_Login.feature:119)
]]>
    </failure>
  </testcase> <!-- runScenario -->
  <testcase classname="lms.Runner.TestRunner$TestNGTestRunner" name="runScenario" time="5.855"/>
  <testcase classname="lms.Runner.TestRunner$TestNGTestRunner" name="runScenario" time="4.132"/>
  <testcase classname="lms.Runner.TestRunner$TestNGTestRunner" name="runScenario" time="4.149"/>
  <testcase classname="lms.Runner.TestRunner$TestNGTestRunner" name="runScenario" time="5.280"/>
  <testcase classname="lms.Runner.TestRunner$TestNGTestRunner" name="runScenario" time="12.346">
    <error message="Index 0 out of bounds for length 0" type="java.lang.IndexOutOfBoundsException">
      <![CDATA[java.lang.IndexOutOfBoundsException: Index 0 out of bounds for length 0
at java.base/jdk.internal.util.Preconditions.outOfBounds(Preconditions.java:100)
at java.base/jdk.internal.util.Preconditions.outOfBoundsCheckIndex(Preconditions.java:106)
at java.base/jdk.internal.util.Preconditions.checkIndex(Preconditions.java:302)
at java.base/java.util.Objects.checkIndex(Objects.java:385)
at java.base/java.util.ArrayList.get(ArrayList.java:427)
at java.base/jdk.internal.reflect.DirectMethodHandleAccessor.invoke(DirectMethodHandleAccessor.java:104)
at java.base/java.lang.reflect.Method.invoke(Method.java:578)
at org.openqa.selenium.support.pagefactory.internal.LocatingElementListHandler.invoke(LocatingElementListHandler.java:39)
at jdk.proxy2/jdk.proxy2.$Proxy46.get(Unknown Source)
at lms.PageObjects.ProgramPage.programDecription(ProgramPage.java:410)
at lms.StepDefinitions.EditProgram_StepDefinition.admin_edits_the_description_text_and_and_click_on_save_button(EditProgram_StepDefinition.java:74)
at ✽.Admin edits the description text "editDescription" and "programData" and click on save button(file:///Users/uvaraj/eclipse-workspace/Team12_TechRockstars_LMS_UI_Phase2/src/test/resources/Features/15_EditProgram.feature:40)
]]>
    </error>
  </testcase> <!-- runScenario -->
  <testcase classname="lms.Runner.TestRunner$TestNGTestRunner" name="runScenario" time="12.191"/>
  <testcase classname="lms.Runner.TestRunner$TestNGTestRunner" name="runScenario" time="4.850"/>
  <testcase classname="lms.Runner.TestRunner$TestNGTestRunner" name="runScenario" time="4.858">
    <failure message="Navigation bar element is not in the top-right side. expected [true] but found [false]" type="java.lang.AssertionError">
      <![CDATA[java.lang.AssertionError: Navigation bar element is not in the top-right side. expected [true] but found [false]
at org.testng.Assert.fail(Assert.java:111)
at org.testng.Assert.failNotEquals(Assert.java:1578)
at org.testng.Assert.assertTrue(Assert.java:57)
at lms.StepDefinitions.HomePage_StepDefinition.admin_should_see_the_navigation_bar_text_on_the_top_right_side(HomePage_StepDefinition.java:74)
at ✽.Admin should see the navigation bar text on the top right side(file:///Users/uvaraj/eclipse-workspace/Team12_TechRockstars_LMS_UI_Phase2/src/test/resources/Features/02_HomePage.feature:22)
]]>
    </failure>
  </testcase> <!-- runScenario -->
  <testcase classname="lms.Runner.TestRunner$TestNGTestRunner" name="runScenario" time="5.021"/>
  <testcase classname="lms.Runner.TestRunner$TestNGTestRunner" name="runScenario" time="6.460"/>
  <testcase classname="lms.Runner.TestRunner$TestNGTestRunner" name="runScenario" time="5.543"/>
  <testcase classname="lms.Runner.TestRunner$TestNGTestRunner" name="runScenario" time="5.277"/>
  <testcase classname="lms.Runner.TestRunner$TestNGTestRunner" name="runScenario" time="4.917"/>
  <testcase classname="lms.Runner.TestRunner$TestNGTestRunner" name="runScenario" time="11.120">
    <error message="Index 0 out of bounds for length 0" type="java.lang.IndexOutOfBoundsException">
      <![CDATA[java.lang.IndexOutOfBoundsException: Index 0 out of bounds for length 0
at java.base/jdk.internal.util.Preconditions.outOfBounds(Preconditions.java:100)
at java.base/jdk.internal.util.Preconditions.outOfBoundsCheckIndex(Preconditions.java:106)
at java.base/jdk.internal.util.Preconditions.checkIndex(Preconditions.java:302)
at java.base/java.util.Objects.checkIndex(Objects.java:385)
at java.base/java.util.ArrayList.get(ArrayList.java:427)
at java.base/jdk.internal.reflect.DirectMethodHandleAccessor.invoke(DirectMethodHandleAccessor.java:104)
at java.base/java.lang.reflect.Method.invoke(Method.java:578)
at org.openqa.selenium.support.pagefactory.internal.LocatingElementListHandler.invoke(LocatingElementListHandler.java:39)
at jdk.proxy2/jdk.proxy2.$Proxy46.get(Unknown Source)
at lms.PageObjects.ProgramPage.programName(ProgramPage.java:404)
at lms.StepDefinitions.EditProgram_StepDefinition.admin_clicks_on_edit_icon_for_particular_program(EditProgram_StepDefinition.java:30)
at ✽.Admin clicks on edit icon for particular program(file:///Users/uvaraj/eclipse-workspace/Team12_TechRockstars_LMS_UI_Phase2/src/test/resources/Features/15_EditProgram.feature:17)
]]>
    </error>
  </testcase> <!-- runScenario -->
  <testcase classname="lms.Runner.TestRunner$TestNGTestRunner" name="runScenario" time="4.295"/>
  <testcase classname="lms.Runner.TestRunner$TestNGTestRunner" name="runScenario" time="5.241"/>
  <testcase classname="lms.Runner.TestRunner$TestNGTestRunner" name="runScenario" time="5.540">
    <error message="Cannot invoke &quot;String.toLowerCase()&quot; because the return value of &quot;lms.Utilities.ConfigReader.getrole()&quot; is null" type="java.lang.NullPointerException">
      <![CDATA[java.lang.NullPointerException: Cannot invoke "String.toLowerCase()" because the return value of "lms.Utilities.ConfigReader.getrole()" is null
at lms.PageObjects.HomePage.validateUserNameAndRole(HomePage.java:144)
at lms.StepDefinitions.HomePage_StepDefinition.admin_should_see_welcome_message_with_user_name_and_role(HomePage_StepDefinition.java:109)
at ✽.Admin should see welcome message with user name and role(file:///Users/uvaraj/eclipse-workspace/Team12_TechRockstars_LMS_UI_Phase2/src/test/resources/Features/02_HomePage.feature:43)
]]>
    </error>
  </testcase> <!-- runScenario -->
  <testcase classname="lms.Runner.TestRunner$TestNGTestRunner" name="runScenario" time="17.373">
    <error message="no such element: Unable to locate element: {&quot;method&quot;:&quot;xpath&quot;,&quot;selector&quot;:&quot;//small[text()=&#039;This field should start with an alphabet and min 2 character.&#039;]&quot;}
  (Session info: chrome=133.0.6943.127)
For documentation on this error, please visit: https://www.selenium.dev/documentation/webdriver/troubleshooting/errors#no-such-element-exception
Build info: version: &#039;4.28.1&#039;, revision: &#039;73f5ad48a2&#039;
System info: os.name: &#039;Mac OS X&#039;, os.arch: &#039;x86_64&#039;, os.version: &#039;15.1.1&#039;, java.version: &#039;19.0.1&#039;
Driver info: org.openqa.selenium.chrome.ChromeDriver
Command: [088cdd706f41e77f079e117f3054bca1, findElement {using=xpath, value=//small[text()=&#039;This field should start with an alphabet and min 2 character.&#039;]}]
Capabilities {acceptInsecureCerts: false, browserName: chrome, browserVersion: 133.0.6943.127, chrome: {chromedriverVersion: 133.0.6943.126 (cffa127ce7b..., userDataDir: /var/folders/9x/bfy4ys6j4vn...}, fedcm:accounts: true, goog:chromeOptions: {debuggerAddress: localhost:63082}, networkConnectionEnabled: false, pageLoadStrategy: normal, platformName: mac, proxy: Proxy(), se:cdp: ws://localhost:63082/devtoo..., se:cdpVersion: 133.0.6943.127, setWindowRect: true, strictFileInteractability: false, timeouts: {implicit: 0, pageLoad: 300000, script: 30000}, unhandledPromptBehavior: dismiss and notify, webauthn:extension:credBlob: true, webauthn:extension:largeBlob: true, webauthn:extension:minPinLength: true, webauthn:extension:prf: true, webauthn:virtualAuthenticators: true}
Session ID: 088cdd706f41e77f079e117f3054bca1" type="org.openqa.selenium.NoSuchElementException">
      <![CDATA[org.openqa.selenium.NoSuchElementException: no such element: Unable to locate element: {"method":"xpath","selector":"//small[text()='This field should start with an alphabet and min 2 character.']"}
  (Session info: chrome=133.0.6943.127)
For documentation on this error, please visit: https://www.selenium.dev/documentation/webdriver/troubleshooting/errors#no-such-element-exception
Build info: version: '4.28.1', revision: '73f5ad48a2'
System info: os.name: 'Mac OS X', os.arch: 'x86_64', os.version: '15.1.1', java.version: '19.0.1'
Driver info: org.openqa.selenium.chrome.ChromeDriver
Command: [088cdd706f41e77f079e117f3054bca1, findElement {using=xpath, value=//small[text()='This field should start with an alphabet and min 2 character.']}]
Capabilities {acceptInsecureCerts: false, browserName: chrome, browserVersion: 133.0.6943.127, chrome: {chromedriverVersion: 133.0.6943.126 (cffa127ce7b..., userDataDir: /var/folders/9x/bfy4ys6j4vn...}, fedcm:accounts: true, goog:chromeOptions: {debuggerAddress: localhost:63082}, networkConnectionEnabled: false, pageLoadStrategy: normal, platformName: mac, proxy: Proxy(), se:cdp: ws://localhost:63082/devtoo..., se:cdpVersion: 133.0.6943.127, setWindowRect: true, strictFileInteractability: false, timeouts: {implicit: 0, pageLoad: 300000, script: 30000}, unhandledPromptBehavior: dismiss and notify, webauthn:extension:credBlob: true, webauthn:extension:largeBlob: true, webauthn:extension:minPinLength: true, webauthn:extension:prf: true, webauthn:virtualAuthenticators: true}
Session ID: 088cdd706f41e77f079e117f3054bca1
at java.base/jdk.internal.reflect.DirectConstructorHandleAccessor.newInstance(DirectConstructorHandleAccessor.java:67)
at java.base/java.lang.reflect.Constructor.newInstanceWithCaller(Constructor.java:500)
at java.base/java.lang.reflect.Constructor.newInstance(Constructor.java:484)
at org.openqa.selenium.remote.ErrorCodec.decode(ErrorCodec.java:167)
at org.openqa.selenium.remote.codec.w3c.W3CHttpResponseCodec.decode(W3CHttpResponseCodec.java:138)
at org.openqa.selenium.remote.codec.w3c.W3CHttpResponseCodec.decode(W3CHttpResponseCodec.java:50)
at org.openqa.selenium.remote.HttpCommandExecutor.execute(HttpCommandExecutor.java:215)
at org.openqa.selenium.remote.service.DriverCommandExecutor.invokeExecute(DriverCommandExecutor.java:216)
at org.openqa.selenium.remote.service.DriverCommandExecutor.execute(DriverCommandExecutor.java:174)
at org.openqa.selenium.remote.RemoteWebDriver.execute(RemoteWebDriver.java:545)
at org.openqa.selenium.remote.ElementLocation$ElementFinder$2.findElement(ElementLocation.java:165)
at org.openqa.selenium.remote.ElementLocation.findElement(ElementLocation.java:59)
at org.openqa.selenium.remote.RemoteWebDriver.findElement(RemoteWebDriver.java:368)
at org.openqa.selenium.remote.RemoteWebDriver.findElement(RemoteWebDriver.java:362)
at org.openqa.selenium.support.pagefactory.DefaultElementLocator.findElement(DefaultElementLocator.java:68)
at org.openqa.selenium.support.pagefactory.internal.LocatingElementHandler.invoke(LocatingElementHandler.java:38)
at jdk.proxy2/jdk.proxy2.$Proxy44.getText(Unknown Source)
at lms.PageObjects.BatchPage.getDescriptInvalidMsgDisplayed(BatchPage.java:194)
at lms.StepDefinitions.BatchEditIconValidation_StepDefinition.admin_should_get_a_error_message_under_the_respective_field(BatchEditIconValidation_StepDefinition.java:105)
at ✽.Admin should get a error message under the respective field(file:///Users/uvaraj/eclipse-workspace/Team12_TechRockstars_LMS_UI_Phase2/src/test/resources/Features/16_BatchEditIconValidation.feature:20)
]]>
    </error>
  </testcase> <!-- runScenario -->
  <testcase classname="lms.Runner.TestRunner$TestNGTestRunner" name="runScenario" time="5.614"/>
  <testcase classname="lms.Runner.TestRunner$TestNGTestRunner" name="runScenario" time="4.064"/>
  <testcase classname="lms.Runner.TestRunner$TestNGTestRunner" name="runScenario" time="7.403">
    <failure message="Active status radio button should be selected. expected [true] but found [false]" type="java.lang.AssertionError">
      <![CDATA[java.lang.AssertionError: Active status radio button should be selected. expected [true] but found [false]
at org.testng.Assert.fail(Assert.java:111)
at org.testng.Assert.failNotEquals(Assert.java:1578)
at org.testng.Assert.assertTrue(Assert.java:57)
at lms.StepDefinitions.AddNewProgram_StepDefinition.admin_can_see_status_selected(AddNewProgram_StepDefinition.java:202)
at ✽.Admin can see 'Active/Inactive' status selected(file:///Users/uvaraj/eclipse-workspace/Team12_TechRockstars_LMS_UI_Phase2/src/test/resources/Features/07_AddNewProgram.feature:80)
]]>
    </failure>
  </testcase> <!-- runScenario -->
  <testcase classname="lms.Runner.TestRunner$TestNGTestRunner" name="runScenario" time="10.907">
    <error message="Index 0 out of bounds for length 0" type="java.lang.IndexOutOfBoundsException">
      <![CDATA[java.lang.IndexOutOfBoundsException: Index 0 out of bounds for length 0
at java.base/jdk.internal.util.Preconditions.outOfBounds(Preconditions.java:100)
at java.base/jdk.internal.util.Preconditions.outOfBoundsCheckIndex(Preconditions.java:106)
at java.base/jdk.internal.util.Preconditions.checkIndex(Preconditions.java:302)
at java.base/java.util.Objects.checkIndex(Objects.java:385)
at java.base/java.util.ArrayList.get(ArrayList.java:427)
at java.base/jdk.internal.reflect.DirectMethodHandleAccessor.invoke(DirectMethodHandleAccessor.java:104)
at java.base/java.lang.reflect.Method.invoke(Method.java:578)
at org.openqa.selenium.support.pagefactory.internal.LocatingElementListHandler.invoke(LocatingElementListHandler.java:39)
at jdk.proxy2/jdk.proxy2.$Proxy46.get(Unknown Source)
at lms.PageObjects.ProgramPage.programName(ProgramPage.java:404)
at lms.StepDefinitions.EditProgram_StepDefinition.admin_clicks_on_edit_icon_for_particular_program(EditProgram_StepDefinition.java:30)
at ✽.Admin clicks on edit icon for particular program(file:///Users/uvaraj/eclipse-workspace/Team12_TechRockstars_LMS_UI_Phase2/src/test/resources/Features/15_EditProgram.feature:17)
]]>
    </error>
  </testcase> <!-- runScenario -->
  <testcase classname="lms.Runner.TestRunner$TestNGTestRunner" name="runScenario" time="31.790">
    <error message="Expected condition failed: waiting for visibility of Proxy element for: DefaultElementLocator &#039;By.xpath: //*[text()=&#039;Successful&#039;]&#039; (tried for 15 second(s) with 500 milliseconds interval)" type="org.openqa.selenium.TimeoutException">
      <![CDATA[org.openqa.selenium.TimeoutException: Expected condition failed: waiting for visibility of Proxy element for: DefaultElementLocator 'By.xpath: //*[text()='Successful']' (tried for 15 second(s) with 500 milliseconds interval)
at org.openqa.selenium.support.ui.WebDriverWait.timeoutException(WebDriverWait.java:84)
at org.openqa.selenium.support.ui.FluentWait.until(FluentWait.java:228)
at lms.PageObjects.BatchPage.waitForElementToBeVisible(BatchPage.java:468)
at lms.PageObjects.BatchPage.getToastMsg(BatchPage.java:462)
at lms.StepDefinitions.BatchAddNewPopup_StepDefinition.admin_should_get_a_successful_message(BatchAddNewPopup_StepDefinition.java:163)
at ✽.Admin should get a successful message(file:///Users/uvaraj/eclipse-workspace/Team12_TechRockstars_LMS_UI_Phase2/src/test/resources/Features/09_AddNewBatchDetailsPopUp.feature:25)
Caused by: org.openqa.selenium.NoSuchElementException: no such element: Unable to locate element: {"method":"xpath","selector":"//*[text()='Successful']"}
  (Session info: chrome=133.0.6943.127)
For documentation on this error, please visit: https://www.selenium.dev/documentation/webdriver/troubleshooting/errors#no-such-element-exception
Build info: version: '4.28.1', revision: '73f5ad48a2'
System info: os.name: 'Mac OS X', os.arch: 'x86_64', os.version: '15.1.1', java.version: '19.0.1'
Driver info: org.openqa.selenium.chrome.ChromeDriver
Command: [c02784c28a4df66c6ef7d86ad4b352a6, findElement {using=xpath, value=//*[text()='Successful']}]
Capabilities {acceptInsecureCerts: false, browserName: chrome, browserVersion: 133.0.6943.127, chrome: {chromedriverVersion: 133.0.6943.126 (cffa127ce7b..., userDataDir: /var/folders/9x/bfy4ys6j4vn...}, fedcm:accounts: true, goog:chromeOptions: {debuggerAddress: localhost:61079}, networkConnectionEnabled: false, pageLoadStrategy: normal, platformName: mac, proxy: Proxy(), se:cdp: ws://localhost:61079/devtoo..., se:cdpVersion: 133.0.6943.127, setWindowRect: true, strictFileInteractability: false, timeouts: {implicit: 0, pageLoad: 300000, script: 30000}, unhandledPromptBehavior: dismiss and notify, webauthn:extension:credBlob: true, webauthn:extension:largeBlob: true, webauthn:extension:minPinLength: true, webauthn:extension:prf: true, webauthn:virtualAuthenticators: true}
Session ID: c02784c28a4df66c6ef7d86ad4b352a6
at java.base/jdk.internal.reflect.DirectConstructorHandleAccessor.newInstance(DirectConstructorHandleAccessor.java:67)
at java.base/java.lang.reflect.Constructor.newInstanceWithCaller(Constructor.java:500)
at java.base/java.lang.reflect.Constructor.newInstance(Constructor.java:484)
at org.openqa.selenium.remote.ErrorCodec.decode(ErrorCodec.java:167)
at org.openqa.selenium.remote.codec.w3c.W3CHttpResponseCodec.decode(W3CHttpResponseCodec.java:138)
at org.openqa.selenium.remote.codec.w3c.W3CHttpResponseCodec.decode(W3CHttpResponseCodec.java:50)
at org.openqa.selenium.remote.HttpCommandExecutor.execute(HttpCommandExecutor.java:215)
at org.openqa.selenium.remote.service.DriverCommandExecutor.invokeExecute(DriverCommandExecutor.java:216)
at org.openqa.selenium.remote.service.DriverCommandExecutor.execute(DriverCommandExecutor.java:174)
at org.openqa.selenium.remote.RemoteWebDriver.execute(RemoteWebDriver.java:545)
at org.openqa.selenium.remote.ElementLocation$ElementFinder$2.findElement(ElementLocation.java:165)
at org.openqa.selenium.remote.ElementLocation.findElement(ElementLocation.java:59)
at org.openqa.selenium.remote.RemoteWebDriver.findElement(RemoteWebDriver.java:368)
at org.openqa.selenium.remote.RemoteWebDriver.findElement(RemoteWebDriver.java:362)
at org.openqa.selenium.support.pagefactory.DefaultElementLocator.findElement(DefaultElementLocator.java:68)
at org.openqa.selenium.support.pagefactory.internal.LocatingElementHandler.invoke(LocatingElementHandler.java:38)
at jdk.proxy2/jdk.proxy2.$Proxy44.isDisplayed(Unknown Source)
at org.openqa.selenium.support.ui.ExpectedConditions.elementIfVisible(ExpectedConditions.java:304)
at org.openqa.selenium.support.ui.ExpectedConditions$10.apply(ExpectedConditions.java:290)
at org.openqa.selenium.support.ui.ExpectedConditions$10.apply(ExpectedConditions.java:287)
at org.openqa.selenium.support.ui.FluentWait.until(FluentWait.java:203)
... 4 more
]]>
    </error>
  </testcase> <!-- runScenario -->
  <testcase classname="lms.Runner.TestRunner$TestNGTestRunner" name="runScenario" time="4.838"/>
  <testcase classname="lms.Runner.TestRunner$TestNGTestRunner" name="runScenario" time="5.029"/>
  <testcase classname="lms.Runner.TestRunner$TestNGTestRunner" name="runScenario" time="6.087"/>
  <testcase classname="lms.Runner.TestRunner$TestNGTestRunner" name="runScenario" time="31.938">
    <error message="Expected condition failed: waiting for visibility of Proxy element for: DefaultElementLocator &#039;By.xpath: //*[text()=&#039;Successful&#039;]&#039; (tried for 15 second(s) with 500 milliseconds interval)" type="org.openqa.selenium.TimeoutException">
      <![CDATA[org.openqa.selenium.TimeoutException: Expected condition failed: waiting for visibility of Proxy element for: DefaultElementLocator 'By.xpath: //*[text()='Successful']' (tried for 15 second(s) with 500 milliseconds interval)
at org.openqa.selenium.support.ui.WebDriverWait.timeoutException(WebDriverWait.java:84)
at org.openqa.selenium.support.ui.FluentWait.until(FluentWait.java:228)
at lms.PageObjects.BatchPage.waitForElementToBeVisible(BatchPage.java:468)
at lms.PageObjects.BatchPage.getToastMsg(BatchPage.java:462)
at lms.StepDefinitions.BatchAddNewPopup_StepDefinition.admin_should_get_a_successful_message(BatchAddNewPopup_StepDefinition.java:163)
at ✽.Admin should get a successful message(file:///Users/uvaraj/eclipse-workspace/Team12_TechRockstars_LMS_UI_Phase2/src/test/resources/Features/09_AddNewBatchDetailsPopUp.feature:25)
Caused by: org.openqa.selenium.NoSuchElementException: no such element: Unable to locate element: {"method":"xpath","selector":"//*[text()='Successful']"}
  (Session info: chrome=133.0.6943.127)
For documentation on this error, please visit: https://www.selenium.dev/documentation/webdriver/troubleshooting/errors#no-such-element-exception
Build info: version: '4.28.1', revision: '73f5ad48a2'
System info: os.name: 'Mac OS X', os.arch: 'x86_64', os.version: '15.1.1', java.version: '19.0.1'
Driver info: org.openqa.selenium.chrome.ChromeDriver
Command: [27498efa424733f1a94085104aaceb62, findElement {using=xpath, value=//*[text()='Successful']}]
Capabilities {acceptInsecureCerts: false, browserName: chrome, browserVersion: 133.0.6943.127, chrome: {chromedriverVersion: 133.0.6943.126 (cffa127ce7b..., userDataDir: /var/folders/9x/bfy4ys6j4vn...}, fedcm:accounts: true, goog:chromeOptions: {debuggerAddress: localhost:61072}, networkConnectionEnabled: false, pageLoadStrategy: normal, platformName: mac, proxy: Proxy(), se:cdp: ws://localhost:61072/devtoo..., se:cdpVersion: 133.0.6943.127, setWindowRect: true, strictFileInteractability: false, timeouts: {implicit: 0, pageLoad: 300000, script: 30000}, unhandledPromptBehavior: dismiss and notify, webauthn:extension:credBlob: true, webauthn:extension:largeBlob: true, webauthn:extension:minPinLength: true, webauthn:extension:prf: true, webauthn:virtualAuthenticators: true}
Session ID: 27498efa424733f1a94085104aaceb62
at java.base/jdk.internal.reflect.DirectConstructorHandleAccessor.newInstance(DirectConstructorHandleAccessor.java:67)
at java.base/java.lang.reflect.Constructor.newInstanceWithCaller(Constructor.java:500)
at java.base/java.lang.reflect.Constructor.newInstance(Constructor.java:484)
at org.openqa.selenium.remote.ErrorCodec.decode(ErrorCodec.java:167)
at org.openqa.selenium.remote.codec.w3c.W3CHttpResponseCodec.decode(W3CHttpResponseCodec.java:138)
at org.openqa.selenium.remote.codec.w3c.W3CHttpResponseCodec.decode(W3CHttpResponseCodec.java:50)
at org.openqa.selenium.remote.HttpCommandExecutor.execute(HttpCommandExecutor.java:215)
at org.openqa.selenium.remote.service.DriverCommandExecutor.invokeExecute(DriverCommandExecutor.java:216)
at org.openqa.selenium.remote.service.DriverCommandExecutor.execute(DriverCommandExecutor.java:174)
at org.openqa.selenium.remote.RemoteWebDriver.execute(RemoteWebDriver.java:545)
at org.openqa.selenium.remote.ElementLocation$ElementFinder$2.findElement(ElementLocation.java:165)
at org.openqa.selenium.remote.ElementLocation.findElement(ElementLocation.java:59)
at org.openqa.selenium.remote.RemoteWebDriver.findElement(RemoteWebDriver.java:368)
at org.openqa.selenium.remote.RemoteWebDriver.findElement(RemoteWebDriver.java:362)
at org.openqa.selenium.support.pagefactory.DefaultElementLocator.findElement(DefaultElementLocator.java:68)
at org.openqa.selenium.support.pagefactory.internal.LocatingElementHandler.invoke(LocatingElementHandler.java:38)
at jdk.proxy2/jdk.proxy2.$Proxy44.isDisplayed(Unknown Source)
at org.openqa.selenium.support.ui.ExpectedConditions.elementIfVisible(ExpectedConditions.java:304)
at org.openqa.selenium.support.ui.ExpectedConditions$10.apply(ExpectedConditions.java:290)
at org.openqa.selenium.support.ui.ExpectedConditions$10.apply(ExpectedConditions.java:287)
at org.openqa.selenium.support.ui.FluentWait.until(FluentWait.java:203)
... 4 more
]]>
    </error>
  </testcase> <!-- runScenario -->
  <testcase classname="lms.Runner.TestRunner$TestNGTestRunner" name="runScenario" time="4.455"/>
  <testcase classname="lms.Runner.TestRunner$TestNGTestRunner" name="runScenario" time="5.243"/>
  <testcase classname="lms.Runner.TestRunner$TestNGTestRunner" name="runScenario" time="4.107"/>
  <testcase classname="lms.Runner.TestRunner$TestNGTestRunner" name="runScenario" time="5.018"/>
  <testcase classname="lms.Runner.TestRunner$TestNGTestRunner" name="runScenario" time="4.062"/>
  <testcase classname="lms.Runner.TestRunner$TestNGTestRunner" name="runScenario" time="16.216">
    <error message="invalid session id
Build info: version: &#039;4.28.1&#039;, revision: &#039;73f5ad48a2&#039;
System info: os.name: &#039;Mac OS X&#039;, os.arch: &#039;x86_64&#039;, os.version: &#039;15.1.1&#039;, java.version: &#039;19.0.1&#039;
Driver info: org.openqa.selenium.chrome.ChromeDriver
Command: [9bc9e82b4b7225af08be9f10d956751d, findElement {using=id, value=programDescription}]
Capabilities {acceptInsecureCerts: false, browserName: chrome, browserVersion: 133.0.6943.127, chrome: {chromedriverVersion: 133.0.6943.126 (cffa127ce7b..., userDataDir: /var/folders/9x/bfy4ys6j4vn...}, fedcm:accounts: true, goog:chromeOptions: {debuggerAddress: localhost:59859}, networkConnectionEnabled: false, pageLoadStrategy: normal, platformName: mac, proxy: Proxy(), se:cdp: ws://localhost:59859/devtoo..., se:cdpVersion: 133.0.6943.127, setWindowRect: true, strictFileInteractability: false, timeouts: {implicit: 0, pageLoad: 300000, script: 30000}, unhandledPromptBehavior: dismiss and notify, webauthn:extension:credBlob: true, webauthn:extension:largeBlob: true, webauthn:extension:minPinLength: true, webauthn:extension:prf: true, webauthn:virtualAuthenticators: true}
Session ID: 9bc9e82b4b7225af08be9f10d956751d" type="org.openqa.selenium.NoSuchSessionException">
      <![CDATA[org.openqa.selenium.NoSuchSessionException: invalid session id
Build info: version: '4.28.1', revision: '73f5ad48a2'
System info: os.name: 'Mac OS X', os.arch: 'x86_64', os.version: '15.1.1', java.version: '19.0.1'
Driver info: org.openqa.selenium.chrome.ChromeDriver
Command: [9bc9e82b4b7225af08be9f10d956751d, findElement {using=id, value=programDescription}]
Capabilities {acceptInsecureCerts: false, browserName: chrome, browserVersion: 133.0.6943.127, chrome: {chromedriverVersion: 133.0.6943.126 (cffa127ce7b..., userDataDir: /var/folders/9x/bfy4ys6j4vn...}, fedcm:accounts: true, goog:chromeOptions: {debuggerAddress: localhost:59859}, networkConnectionEnabled: false, pageLoadStrategy: normal, platformName: mac, proxy: Proxy(), se:cdp: ws://localhost:59859/devtoo..., se:cdpVersion: 133.0.6943.127, setWindowRect: true, strictFileInteractability: false, timeouts: {implicit: 0, pageLoad: 300000, script: 30000}, unhandledPromptBehavior: dismiss and notify, webauthn:extension:credBlob: true, webauthn:extension:largeBlob: true, webauthn:extension:minPinLength: true, webauthn:extension:prf: true, webauthn:virtualAuthenticators: true}
Session ID: 9bc9e82b4b7225af08be9f10d956751d
at java.base/jdk.internal.reflect.DirectConstructorHandleAccessor.newInstance(DirectConstructorHandleAccessor.java:67)
at java.base/java.lang.reflect.Constructor.newInstanceWithCaller(Constructor.java:500)
at java.base/java.lang.reflect.Constructor.newInstance(Constructor.java:484)
at org.openqa.selenium.remote.ErrorCodec.decode(ErrorCodec.java:167)
at org.openqa.selenium.remote.codec.w3c.W3CHttpResponseCodec.decode(W3CHttpResponseCodec.java:138)
at org.openqa.selenium.remote.codec.w3c.W3CHttpResponseCodec.decode(W3CHttpResponseCodec.java:50)
at org.openqa.selenium.remote.HttpCommandExecutor.execute(HttpCommandExecutor.java:215)
at org.openqa.selenium.remote.service.DriverCommandExecutor.invokeExecute(DriverCommandExecutor.java:216)
at org.openqa.selenium.remote.service.DriverCommandExecutor.execute(DriverCommandExecutor.java:174)
at org.openqa.selenium.remote.RemoteWebDriver.execute(RemoteWebDriver.java:545)
at org.openqa.selenium.remote.ElementLocation$ElementFinder$2.findElement(ElementLocation.java:165)
at org.openqa.selenium.remote.ElementLocation.findElement(ElementLocation.java:59)
at org.openqa.selenium.remote.RemoteWebDriver.findElement(RemoteWebDriver.java:368)
at org.openqa.selenium.remote.RemoteWebDriver.findElement(RemoteWebDriver.java:362)
at org.openqa.selenium.support.pagefactory.DefaultElementLocator.findElement(DefaultElementLocator.java:68)
at org.openqa.selenium.support.pagefactory.internal.LocatingElementHandler.invoke(LocatingElementHandler.java:38)
at jdk.proxy2/jdk.proxy2.$Proxy44.toString(Unknown Source)
at lms.Utilities.CommonUtils.sendInput(CommonUtils.java:47)
at lms.PageObjects.ProgramPage.typeProgranDetailsInput(ProgramPage.java:243)
at lms.StepDefinitions.AddNewProgram_StepDefinition.admin_enter_details_for_mandatory_fields_and_click_on_save_button_and(AddNewProgram_StepDefinition.java:110)
at ✽.Admin enter details for mandatory fields and Click on save button "invalidDetails" and "programData".(file:///Users/uvaraj/eclipse-workspace/Team12_TechRockstars_LMS_UI_Phase2/src/test/resources/Features/07_AddNewProgram.feature:44)
]]>
    </error>
  </testcase> <!-- runScenario -->
  <testcase classname="lms.Runner.TestRunner$TestNGTestRunner" name="runScenario" time="12.585">
    <error message="no such element: Unable to locate element: {&quot;method&quot;:&quot;xpath&quot;,&quot;selector&quot;:&quot;//tbody[@class=&#039;p-datatable-tbody&#039;]/tr[1]/td[6]&quot;}
  (Session info: chrome=133.0.6943.127)
For documentation on this error, please visit: https://www.selenium.dev/documentation/webdriver/troubleshooting/errors#no-such-element-exception
Build info: version: &#039;4.28.1&#039;, revision: &#039;73f5ad48a2&#039;
System info: os.name: &#039;Mac OS X&#039;, os.arch: &#039;x86_64&#039;, os.version: &#039;15.1.1&#039;, java.version: &#039;19.0.1&#039;
Driver info: org.openqa.selenium.chrome.ChromeDriver
Command: [27cb5284e351cc05f862717228aeade3, findElement {using=xpath, value=//tbody[@class=&#039;p-datatable-tbody&#039;]/tr[1]/td[6]}]
Capabilities {acceptInsecureCerts: false, browserName: chrome, browserVersion: 133.0.6943.127, chrome: {chromedriverVersion: 133.0.6943.126 (cffa127ce7b..., userDataDir: /var/folders/9x/bfy4ys6j4vn...}, fedcm:accounts: true, goog:chromeOptions: {debuggerAddress: localhost:62096}, networkConnectionEnabled: false, pageLoadStrategy: normal, platformName: mac, proxy: Proxy(), se:cdp: ws://localhost:62096/devtoo..., se:cdpVersion: 133.0.6943.127, setWindowRect: true, strictFileInteractability: false, timeouts: {implicit: 0, pageLoad: 300000, script: 30000}, unhandledPromptBehavior: dismiss and notify, webauthn:extension:credBlob: true, webauthn:extension:largeBlob: true, webauthn:extension:minPinLength: true, webauthn:extension:prf: true, webauthn:virtualAuthenticators: true}
Session ID: 27cb5284e351cc05f862717228aeade3" type="org.openqa.selenium.NoSuchElementException">
      <![CDATA[org.openqa.selenium.NoSuchElementException: no such element: Unable to locate element: {"method":"xpath","selector":"//tbody[@class='p-datatable-tbody']/tr[1]/td[6]"}
  (Session info: chrome=133.0.6943.127)
For documentation on this error, please visit: https://www.selenium.dev/documentation/webdriver/troubleshooting/errors#no-such-element-exception
Build info: version: '4.28.1', revision: '73f5ad48a2'
System info: os.name: 'Mac OS X', os.arch: 'x86_64', os.version: '15.1.1', java.version: '19.0.1'
Driver info: org.openqa.selenium.chrome.ChromeDriver
Command: [27cb5284e351cc05f862717228aeade3, findElement {using=xpath, value=//tbody[@class='p-datatable-tbody']/tr[1]/td[6]}]
Capabilities {acceptInsecureCerts: false, browserName: chrome, browserVersion: 133.0.6943.127, chrome: {chromedriverVersion: 133.0.6943.126 (cffa127ce7b..., userDataDir: /var/folders/9x/bfy4ys6j4vn...}, fedcm:accounts: true, goog:chromeOptions: {debuggerAddress: localhost:62096}, networkConnectionEnabled: false, pageLoadStrategy: normal, platformName: mac, proxy: Proxy(), se:cdp: ws://localhost:62096/devtoo..., se:cdpVersion: 133.0.6943.127, setWindowRect: true, strictFileInteractability: false, timeouts: {implicit: 0, pageLoad: 300000, script: 30000}, unhandledPromptBehavior: dismiss and notify, webauthn:extension:credBlob: true, webauthn:extension:largeBlob: true, webauthn:extension:minPinLength: true, webauthn:extension:prf: true, webauthn:virtualAuthenticators: true}
Session ID: 27cb5284e351cc05f862717228aeade3
at java.base/jdk.internal.reflect.DirectConstructorHandleAccessor.newInstance(DirectConstructorHandleAccessor.java:67)
at java.base/java.lang.reflect.Constructor.newInstanceWithCaller(Constructor.java:500)
at java.base/java.lang.reflect.Constructor.newInstance(Constructor.java:484)
at org.openqa.selenium.remote.ErrorCodec.decode(ErrorCodec.java:167)
at org.openqa.selenium.remote.codec.w3c.W3CHttpResponseCodec.decode(W3CHttpResponseCodec.java:138)
at org.openqa.selenium.remote.codec.w3c.W3CHttpResponseCodec.decode(W3CHttpResponseCodec.java:50)
at org.openqa.selenium.remote.HttpCommandExecutor.execute(HttpCommandExecutor.java:215)
at org.openqa.selenium.remote.service.DriverCommandExecutor.invokeExecute(DriverCommandExecutor.java:216)
at org.openqa.selenium.remote.service.DriverCommandExecutor.execute(DriverCommandExecutor.java:174)
at org.openqa.selenium.remote.RemoteWebDriver.execute(RemoteWebDriver.java:545)
at org.openqa.selenium.remote.ElementLocation$ElementFinder$2.findElement(ElementLocation.java:165)
at org.openqa.selenium.remote.ElementLocation.findElement(ElementLocation.java:59)
at org.openqa.selenium.remote.RemoteWebDriver.findElement(RemoteWebDriver.java:368)
at org.openqa.selenium.remote.RemoteWebDriver.findElement(RemoteWebDriver.java:362)
at lms.PageObjects.BatchPage.getProgramNameFromResults(BatchPage.java:287)
at lms.StepDefinitions.SearchTextboxValidation_StepDefinition.admin_should_see_the_filtered_batches_in_the_data_table(SearchTextboxValidation_StepDefinition.java:32)
at ✽.Admin should see the filtered batches in the data table(file:///Users/uvaraj/eclipse-workspace/Team12_TechRockstars_LMS_UI_Phase2/src/test/resources/Features/13_SearchTextboxValidation.feature:8)
]]>
    </error>
  </testcase> <!-- runScenario -->
  <testcase classname="lms.Runner.TestRunner$TestNGTestRunner" name="runScenario" time="4.447"/>
  <testcase classname="lms.Runner.TestRunner$TestNGTestRunner" name="runScenario" time="4.289"/>
  <testcase classname="lms.Runner.TestRunner$TestNGTestRunner" name="runScenario" time="6.161">
    <failure message="Active status radio button should be selected. expected [true] but found [false]" type="java.lang.AssertionError">
      <![CDATA[java.lang.AssertionError: Active status radio button should be selected. expected [true] but found [false]
at org.testng.Assert.fail(Assert.java:111)
at org.testng.Assert.failNotEquals(Assert.java:1578)
at org.testng.Assert.assertTrue(Assert.java:57)
at lms.StepDefinitions.AddNewProgram_StepDefinition.admin_can_see_status_selected(AddNewProgram_StepDefinition.java:202)
at ✽.Admin can see 'Active/Inactive' status selected(file:///Users/uvaraj/eclipse-workspace/Team12_TechRockstars_LMS_UI_Phase2/src/test/resources/Features/07_AddNewProgram.feature:80)
]]>
    </failure>
  </testcase> <!-- runScenario -->
  <testcase classname="lms.Runner.TestRunner$TestNGTestRunner" name="runScenario" time="5.263"/>
  <testcase classname="lms.Runner.TestRunner$TestNGTestRunner" name="runScenario" time="5.393"/>
  <testcase classname="lms.Runner.TestRunner$TestNGTestRunner" name="runScenario" time="5.340"/>
  <testcase classname="lms.Runner.TestRunner$TestNGTestRunner" name="runScenario" time="4.681"/>
  <testcase classname="lms.Runner.TestRunner$TestNGTestRunner" name="runScenario" time="3.859"/>
  <testcase classname="lms.Runner.TestRunner$TestNGTestRunner" name="runScenario" time="11.540">
    <error message="Index 0 out of bounds for length 0" type="java.lang.IndexOutOfBoundsException">
      <![CDATA[java.lang.IndexOutOfBoundsException: Index 0 out of bounds for length 0
at java.base/jdk.internal.util.Preconditions.outOfBounds(Preconditions.java:100)
at java.base/jdk.internal.util.Preconditions.outOfBoundsCheckIndex(Preconditions.java:106)
at java.base/jdk.internal.util.Preconditions.checkIndex(Preconditions.java:302)
at java.base/java.util.Objects.checkIndex(Objects.java:385)
at java.base/java.util.ArrayList.get(ArrayList.java:427)
at java.base/jdk.internal.reflect.DirectMethodHandleAccessor.invoke(DirectMethodHandleAccessor.java:104)
at java.base/java.lang.reflect.Method.invoke(Method.java:578)
at org.openqa.selenium.support.pagefactory.internal.LocatingElementListHandler.invoke(LocatingElementListHandler.java:39)
at jdk.proxy2/jdk.proxy2.$Proxy46.get(Unknown Source)
at lms.PageObjects.ProgramPage.programName(ProgramPage.java:404)
at lms.StepDefinitions.SearchBarProgram_StepDefinition.admin_should_able_to_see_program_name_description_and_status_for_searched_program_name(SearchBarProgram_StepDefinition.java:31)
at ✽.Admin should able to see Program name, description, and status for searched program name(file:///Users/uvaraj/eclipse-workspace/Team12_TechRockstars_LMS_UI_Phase2/src/test/resources/Features/12_SearchBarProgram.feature:31)
]]>
    </error>
  </testcase> <!-- runScenario -->
  <testcase classname="lms.Runner.TestRunner$TestNGTestRunner" name="runScenario" time="5.084"/>
  <testcase classname="lms.Runner.TestRunner$TestNGTestRunner" name="runScenario" time="4.024"/>
  <testcase classname="lms.Runner.TestRunner$TestNGTestRunner" name="runScenario" time="10.205">
    <error message="no such element: Unable to locate element: {&quot;method&quot;:&quot;xpath&quot;,&quot;selector&quot;:&quot;//span[text()=&#039; Admin &#039;]&quot;}
  (Session info: chrome=133.0.6943.127)
For documentation on this error, please visit: https://www.selenium.dev/documentation/webdriver/troubleshooting/errors#no-such-element-exception
Build info: version: &#039;4.28.1&#039;, revision: &#039;73f5ad48a2&#039;
System info: os.name: &#039;Mac OS X&#039;, os.arch: &#039;x86_64&#039;, os.version: &#039;15.1.1&#039;, java.version: &#039;19.0.1&#039;
Driver info: org.openqa.selenium.chrome.ChromeDriver
Command: [83d5f32f87109388a252723b19f48d71, findElement {using=xpath, value=//span[text()=&#039; Admin &#039;]}]
Capabilities {acceptInsecureCerts: false, browserName: chrome, browserVersion: 133.0.6943.127, chrome: {chromedriverVersion: 133.0.6943.126 (cffa127ce7b..., userDataDir: /var/folders/9x/bfy4ys6j4vn...}, fedcm:accounts: true, goog:chromeOptions: {debuggerAddress: localhost:55703}, networkConnectionEnabled: false, pageLoadStrategy: normal, platformName: mac, proxy: Proxy(), se:cdp: ws://localhost:55703/devtoo..., se:cdpVersion: 133.0.6943.127, setWindowRect: true, strictFileInteractability: false, timeouts: {implicit: 0, pageLoad: 300000, script: 30000}, unhandledPromptBehavior: dismiss and notify, webauthn:extension:credBlob: true, webauthn:extension:largeBlob: true, webauthn:extension:minPinLength: true, webauthn:extension:prf: true, webauthn:virtualAuthenticators: true}
Session ID: 83d5f32f87109388a252723b19f48d71" type="org.openqa.selenium.NoSuchElementException">
      <![CDATA[org.openqa.selenium.NoSuchElementException: no such element: Unable to locate element: {"method":"xpath","selector":"//span[text()=' Admin ']"}
  (Session info: chrome=133.0.6943.127)
For documentation on this error, please visit: https://www.selenium.dev/documentation/webdriver/troubleshooting/errors#no-such-element-exception
Build info: version: '4.28.1', revision: '73f5ad48a2'
System info: os.name: 'Mac OS X', os.arch: 'x86_64', os.version: '15.1.1', java.version: '19.0.1'
Driver info: org.openqa.selenium.chrome.ChromeDriver
Command: [83d5f32f87109388a252723b19f48d71, findElement {using=xpath, value=//span[text()=' Admin ']}]
Capabilities {acceptInsecureCerts: false, browserName: chrome, browserVersion: 133.0.6943.127, chrome: {chromedriverVersion: 133.0.6943.126 (cffa127ce7b..., userDataDir: /var/folders/9x/bfy4ys6j4vn...}, fedcm:accounts: true, goog:chromeOptions: {debuggerAddress: localhost:55703}, networkConnectionEnabled: false, pageLoadStrategy: normal, platformName: mac, proxy: Proxy(), se:cdp: ws://localhost:55703/devtoo..., se:cdpVersion: 133.0.6943.127, setWindowRect: true, strictFileInteractability: false, timeouts: {implicit: 0, pageLoad: 300000, script: 30000}, unhandledPromptBehavior: dismiss and notify, webauthn:extension:credBlob: true, webauthn:extension:largeBlob: true, webauthn:extension:minPinLength: true, webauthn:extension:prf: true, webauthn:virtualAuthenticators: true}
Session ID: 83d5f32f87109388a252723b19f48d71
at java.base/jdk.internal.reflect.DirectConstructorHandleAccessor.newInstance(DirectConstructorHandleAccessor.java:67)
at java.base/java.lang.reflect.Constructor.newInstanceWithCaller(Constructor.java:500)
at java.base/java.lang.reflect.Constructor.newInstance(Constructor.java:484)
at org.openqa.selenium.remote.ErrorCodec.decode(ErrorCodec.java:167)
at org.openqa.selenium.remote.codec.w3c.W3CHttpResponseCodec.decode(W3CHttpResponseCodec.java:138)
at org.openqa.selenium.remote.codec.w3c.W3CHttpResponseCodec.decode(W3CHttpResponseCodec.java:50)
at org.openqa.selenium.remote.HttpCommandExecutor.execute(HttpCommandExecutor.java:215)
at org.openqa.selenium.remote.service.DriverCommandExecutor.invokeExecute(DriverCommandExecutor.java:216)
at org.openqa.selenium.remote.service.DriverCommandExecutor.execute(DriverCommandExecutor.java:174)
at org.openqa.selenium.remote.RemoteWebDriver.execute(RemoteWebDriver.java:545)
at org.openqa.selenium.remote.ElementLocation$ElementFinder$2.findElement(ElementLocation.java:165)
at org.openqa.selenium.remote.ElementLocation.findElement(ElementLocation.java:59)
at org.openqa.selenium.remote.RemoteWebDriver.findElement(RemoteWebDriver.java:368)
at org.openqa.selenium.remote.RemoteWebDriver.findElement(RemoteWebDriver.java:362)
at org.openqa.selenium.support.pagefactory.DefaultElementLocator.findElement(DefaultElementLocator.java:68)
at org.openqa.selenium.support.pagefactory.internal.LocatingElementHandler.invoke(LocatingElementHandler.java:38)
at jdk.proxy2/jdk.proxy2.$Proxy44.getText(Unknown Source)
at lms.PageObjects.LoginPage.getDropdownOption(LoginPage.java:219)
at lms.StepDefinitions.Login_StepDefinition.admin_should_see_options_in_dropdown(Login_StepDefinition.java:130)
at ✽.Admin should see "Admin , Staff, Student" options in dropdown(file:///Users/uvaraj/eclipse-workspace/Team12_TechRockstars_LMS_UI_Phase2/src/test/resources/Features/01_Login.feature:87)
]]>
    </error>
  </testcase> <!-- runScenario -->
  <testcase classname="lms.Runner.TestRunner$TestNGTestRunner" name="runScenario" time="5.171"/>
  <testcase classname="lms.Runner.TestRunner$TestNGTestRunner" name="runScenario" time="4.303"/>
  <testcase classname="lms.Runner.TestRunner$TestNGTestRunner" name="runScenario" time="4.250"/>
  <testcase classname="lms.Runner.TestRunner$TestNGTestRunner" name="runScenario" time="21.338"/>
  <testcase classname="lms.Runner.TestRunner$TestNGTestRunner" name="runScenario" time="6.087"/>
  <testcase classname="lms.Runner.TestRunner$TestNGTestRunner" name="runScenario" time="5.270"/>
  <testcase classname="lms.Runner.TestRunner$TestNGTestRunner" name="runScenario" time="17.737"/>
  <testcase classname="lms.Runner.TestRunner$TestNGTestRunner" name="runScenario" time="4.442"/>
  <testcase classname="lms.Runner.TestRunner$TestNGTestRunner" name="runScenario" time="21.044">
    <error message="no such element: Unable to locate element: {&quot;method&quot;:&quot;css selector&quot;,&quot;selector&quot;:&quot;#programDescription&quot;}
  (Session info: chrome=133.0.6943.127)
For documentation on this error, please visit: https://www.selenium.dev/documentation/webdriver/troubleshooting/errors#no-such-element-exception
Build info: version: &#039;4.28.1&#039;, revision: &#039;73f5ad48a2&#039;
System info: os.name: &#039;Mac OS X&#039;, os.arch: &#039;x86_64&#039;, os.version: &#039;15.1.1&#039;, java.version: &#039;19.0.1&#039;
Driver info: org.openqa.selenium.chrome.ChromeDriver
Command: [dafcd60807c748019679a60b91e93903, findElement {using=id, value=programDescription}]
Capabilities {acceptInsecureCerts: false, browserName: chrome, browserVersion: 133.0.6943.127, chrome: {chromedriverVersion: 133.0.6943.126 (cffa127ce7b..., userDataDir: /var/folders/9x/bfy4ys6j4vn...}, fedcm:accounts: true, goog:chromeOptions: {debuggerAddress: localhost:60324}, networkConnectionEnabled: false, pageLoadStrategy: normal, platformName: mac, proxy: Proxy(), se:cdp: ws://localhost:60324/devtoo..., se:cdpVersion: 133.0.6943.127, setWindowRect: true, strictFileInteractability: false, timeouts: {implicit: 0, pageLoad: 300000, script: 30000}, unhandledPromptBehavior: dismiss and notify, webauthn:extension:credBlob: true, webauthn:extension:largeBlob: true, webauthn:extension:minPinLength: true, webauthn:extension:prf: true, webauthn:virtualAuthenticators: true}
Session ID: dafcd60807c748019679a60b91e93903" type="org.openqa.selenium.NoSuchElementException">
      <![CDATA[org.openqa.selenium.NoSuchElementException: no such element: Unable to locate element: {"method":"css selector","selector":"#programDescription"}
  (Session info: chrome=133.0.6943.127)
For documentation on this error, please visit: https://www.selenium.dev/documentation/webdriver/troubleshooting/errors#no-such-element-exception
Build info: version: '4.28.1', revision: '73f5ad48a2'
System info: os.name: 'Mac OS X', os.arch: 'x86_64', os.version: '15.1.1', java.version: '19.0.1'
Driver info: org.openqa.selenium.chrome.ChromeDriver
Command: [dafcd60807c748019679a60b91e93903, findElement {using=id, value=programDescription}]
Capabilities {acceptInsecureCerts: false, browserName: chrome, browserVersion: 133.0.6943.127, chrome: {chromedriverVersion: 133.0.6943.126 (cffa127ce7b..., userDataDir: /var/folders/9x/bfy4ys6j4vn...}, fedcm:accounts: true, goog:chromeOptions: {debuggerAddress: localhost:60324}, networkConnectionEnabled: false, pageLoadStrategy: normal, platformName: mac, proxy: Proxy(), se:cdp: ws://localhost:60324/devtoo..., se:cdpVersion: 133.0.6943.127, setWindowRect: true, strictFileInteractability: false, timeouts: {implicit: 0, pageLoad: 300000, script: 30000}, unhandledPromptBehavior: dismiss and notify, webauthn:extension:credBlob: true, webauthn:extension:largeBlob: true, webauthn:extension:minPinLength: true, webauthn:extension:prf: true, webauthn:virtualAuthenticators: true}
Session ID: dafcd60807c748019679a60b91e93903
at java.base/jdk.internal.reflect.DirectConstructorHandleAccessor.newInstance(DirectConstructorHandleAccessor.java:67)
at java.base/java.lang.reflect.Constructor.newInstanceWithCaller(Constructor.java:500)
at java.base/java.lang.reflect.Constructor.newInstance(Constructor.java:484)
at org.openqa.selenium.remote.ErrorCodec.decode(ErrorCodec.java:167)
at org.openqa.selenium.remote.codec.w3c.W3CHttpResponseCodec.decode(W3CHttpResponseCodec.java:138)
at org.openqa.selenium.remote.codec.w3c.W3CHttpResponseCodec.decode(W3CHttpResponseCodec.java:50)
at org.openqa.selenium.remote.HttpCommandExecutor.execute(HttpCommandExecutor.java:215)
at org.openqa.selenium.remote.service.DriverCommandExecutor.invokeExecute(DriverCommandExecutor.java:216)
at org.openqa.selenium.remote.service.DriverCommandExecutor.execute(DriverCommandExecutor.java:174)
at org.openqa.selenium.remote.RemoteWebDriver.execute(RemoteWebDriver.java:545)
at org.openqa.selenium.remote.ElementLocation$ElementFinder$2.findElement(ElementLocation.java:165)
at org.openqa.selenium.remote.ElementLocation.findElement(ElementLocation.java:59)
at org.openqa.selenium.remote.RemoteWebDriver.findElement(RemoteWebDriver.java:368)
at org.openqa.selenium.remote.RemoteWebDriver.findElement(RemoteWebDriver.java:362)
at org.openqa.selenium.support.pagefactory.DefaultElementLocator.findElement(DefaultElementLocator.java:68)
at org.openqa.selenium.support.pagefactory.internal.LocatingElementHandler.invoke(LocatingElementHandler.java:38)
at jdk.proxy2/jdk.proxy2.$Proxy44.getAttribute(Unknown Source)
at lms.StepDefinitions.AddNewProgram_StepDefinition.admin_can_see_the_text_entered_in_description_box(AddNewProgram_StepDefinition.java:188)
at ✽.Admin can see the text entered in description box(file:///Users/uvaraj/eclipse-workspace/Team12_TechRockstars_LMS_UI_Phase2/src/test/resources/Features/07_AddNewProgram.feature:74)
]]>
    </error>
  </testcase> <!-- runScenario -->
  <testcase classname="lms.Runner.TestRunner$TestNGTestRunner" name="runScenario" time="11.517">
    <error message="Index 0 out of bounds for length 0" type="java.lang.IndexOutOfBoundsException">
      <![CDATA[java.lang.IndexOutOfBoundsException: Index 0 out of bounds for length 0
at java.base/jdk.internal.util.Preconditions.outOfBounds(Preconditions.java:100)
at java.base/jdk.internal.util.Preconditions.outOfBoundsCheckIndex(Preconditions.java:106)
at java.base/jdk.internal.util.Preconditions.checkIndex(Preconditions.java:302)
at java.base/java.util.Objects.checkIndex(Objects.java:385)
at java.base/java.util.ArrayList.get(ArrayList.java:427)
at java.base/jdk.internal.reflect.DirectMethodHandleAccessor.invoke(DirectMethodHandleAccessor.java:104)
at java.base/java.lang.reflect.Method.invoke(Method.java:578)
at org.openqa.selenium.support.pagefactory.internal.LocatingElementListHandler.invoke(LocatingElementListHandler.java:39)
at jdk.proxy2/jdk.proxy2.$Proxy46.get(Unknown Source)
at lms.PageObjects.ProgramPage.programName(ProgramPage.java:404)
at lms.StepDefinitions.EditProgram_StepDefinition.admin_edits_the_program_name_and_and_click_on_save_button(EditProgram_StepDefinition.java:47)
at ✽.Admin edits the program name "editProgram" and "programData" and click on save button(file:///Users/uvaraj/eclipse-workspace/Team12_TechRockstars_LMS_UI_Phase2/src/test/resources/Features/15_EditProgram.feature:29)
]]>
    </error>
  </testcase> <!-- runScenario -->
  <testcase classname="lms.Runner.TestRunner$TestNGTestRunner" name="runScenario" time="5.075"/>
  <testcase classname="lms.Runner.TestRunner$TestNGTestRunner" name="runScenario" time="4.787"/>
  <testcase classname="lms.Runner.TestRunner$TestNGTestRunner" name="runScenario" time="4.364"/>
  <testcase classname="lms.Runner.TestRunner$TestNGTestRunner" name="runScenario" time="4.892"/>
  <testcase classname="lms.Runner.TestRunner$TestNGTestRunner" name="runScenario" time="4.385"/>
  <testcase classname="lms.Runner.TestRunner$TestNGTestRunner" name="runScenario" time="15.507"/>
  <testcase classname="lms.Runner.TestRunner$TestNGTestRunner" name="runScenario" time="5.202"/>
  <testcase classname="lms.Runner.TestRunner$TestNGTestRunner" name="runScenario" time="4.752"/>
  <testcase classname="lms.Runner.TestRunner$TestNGTestRunner" name="runScenario" time="4.482"/>
  <testcase classname="lms.Runner.TestRunner$TestNGTestRunner" name="runScenario" time="4.386"/>
  <testcase classname="lms.Runner.TestRunner$TestNGTestRunner" name="runScenario" time="4.173"/>
  <testcase classname="lms.Runner.TestRunner$TestNGTestRunner" name="runScenario" time="11.275">
    <error message="Index 0 out of bounds for length 0" type="java.lang.IndexOutOfBoundsException">
      <![CDATA[java.lang.IndexOutOfBoundsException: Index 0 out of bounds for length 0
at java.base/jdk.internal.util.Preconditions.outOfBounds(Preconditions.java:100)
at java.base/jdk.internal.util.Preconditions.outOfBoundsCheckIndex(Preconditions.java:106)
at java.base/jdk.internal.util.Preconditions.checkIndex(Preconditions.java:302)
at java.base/java.util.Objects.checkIndex(Objects.java:385)
at java.base/java.util.ArrayList.get(ArrayList.java:427)
at java.base/jdk.internal.reflect.DirectMethodHandleAccessor.invoke(DirectMethodHandleAccessor.java:104)
at java.base/java.lang.reflect.Method.invoke(Method.java:578)
at org.openqa.selenium.support.pagefactory.internal.LocatingElementListHandler.invoke(LocatingElementListHandler.java:39)
at jdk.proxy2/jdk.proxy2.$Proxy46.get(Unknown Source)
at lms.PageObjects.ProgramPage.programName(ProgramPage.java:404)
at lms.StepDefinitions.EditProgram_StepDefinition.admin_edits_the_program_name_and_and_click_on_save_button(EditProgram_StepDefinition.java:47)
at ✽.Admin edits the program name "editProgram" and "programData" and click on save button(file:///Users/uvaraj/eclipse-workspace/Team12_TechRockstars_LMS_UI_Phase2/src/test/resources/Features/15_EditProgram.feature:29)
]]>
    </error>
  </testcase> <!-- runScenario -->
  <testcase classname="lms.Runner.TestRunner$TestNGTestRunner" name="runScenario" time="5.503"/>
  <testcase classname="lms.Runner.TestRunner$TestNGTestRunner" name="runScenario" time="5.060"/>
  <testcase classname="lms.Runner.TestRunner$TestNGTestRunner" name="runScenario" time="33.370"/>
  <testcase classname="lms.Runner.TestRunner$TestNGTestRunner" name="runScenario" time="12.450">
    <error message="Index 0 out of bounds for length 0" type="java.lang.IndexOutOfBoundsException">
      <![CDATA[java.lang.IndexOutOfBoundsException: Index 0 out of bounds for length 0
at java.base/jdk.internal.util.Preconditions.outOfBounds(Preconditions.java:100)
at java.base/jdk.internal.util.Preconditions.outOfBoundsCheckIndex(Preconditions.java:106)
at java.base/jdk.internal.util.Preconditions.checkIndex(Preconditions.java:302)
at java.base/java.util.Objects.checkIndex(Objects.java:385)
at java.base/java.util.ArrayList.get(ArrayList.java:427)
at java.base/jdk.internal.reflect.DirectMethodHandleAccessor.invoke(DirectMethodHandleAccessor.java:104)
at java.base/java.lang.reflect.Method.invoke(Method.java:578)
at org.openqa.selenium.support.pagefactory.internal.LocatingElementListHandler.invoke(LocatingElementListHandler.java:39)
at jdk.proxy2/jdk.proxy2.$Proxy46.get(Unknown Source)
at lms.PageObjects.ProgramPage.programName(ProgramPage.java:404)
at lms.StepDefinitions.SearchBarProgram_StepDefinition.admin_should_able_to_see_program_name_description_and_status_for_searched_program_name(SearchBarProgram_StepDefinition.java:31)
at ✽.Admin should able to see Program name, description, and status for searched program name(file:///Users/uvaraj/eclipse-workspace/Team12_TechRockstars_LMS_UI_Phase2/src/test/resources/Features/12_SearchBarProgram.feature:19)
]]>
    </error>
  </testcase> <!-- runScenario -->
  <testcase classname="lms.Runner.TestRunner$TestNGTestRunner" name="runScenario" time="5.145"/>
  <testcase classname="lms.Runner.TestRunner$TestNGTestRunner" name="runScenario" time="4.904"/>
  <testcase classname="lms.Runner.TestRunner$TestNGTestRunner" name="runScenario" time="5.382"/>
  <testcase classname="lms.Runner.TestRunner$TestNGTestRunner" name="runScenario" time="4.115"/>
  <testcase classname="lms.Runner.TestRunner$TestNGTestRunner" name="runScenario" time="13.002">
    <error message="Index 0 out of bounds for length 0" type="java.lang.IndexOutOfBoundsException">
      <![CDATA[java.lang.IndexOutOfBoundsException: Index 0 out of bounds for length 0
at java.base/jdk.internal.util.Preconditions.outOfBounds(Preconditions.java:100)
at java.base/jdk.internal.util.Preconditions.outOfBoundsCheckIndex(Preconditions.java:106)
at java.base/jdk.internal.util.Preconditions.checkIndex(Preconditions.java:302)
at java.base/java.util.Objects.checkIndex(Objects.java:385)
at java.base/java.util.ArrayList.get(ArrayList.java:427)
at java.base/jdk.internal.reflect.DirectMethodHandleAccessor.invoke(DirectMethodHandleAccessor.java:104)
at java.base/java.lang.reflect.Method.invoke(Method.java:578)
at org.openqa.selenium.support.pagefactory.internal.LocatingElementListHandler.invoke(LocatingElementListHandler.java:39)
at jdk.proxy2/jdk.proxy2.$Proxy46.get(Unknown Source)
at lms.PageObjects.ProgramPage.programDecription(ProgramPage.java:410)
at lms.StepDefinitions.EditProgram_StepDefinition.admin_edits_the_description_text_and_and_click_on_save_button(EditProgram_StepDefinition.java:74)
at ✽.Admin edits the description text "editDescription" and "programData" and click on save button(file:///Users/uvaraj/eclipse-workspace/Team12_TechRockstars_LMS_UI_Phase2/src/test/resources/Features/15_EditProgram.feature:40)
]]>
    </error>
  </testcase> <!-- runScenario -->
  <testcase classname="lms.Runner.TestRunner$TestNGTestRunner" name="runScenario" time="5.646"/>
  <testcase classname="lms.Runner.TestRunner$TestNGTestRunner" name="runScenario" time="4.660"/>
  <testcase classname="lms.Runner.TestRunner$TestNGTestRunner" name="runScenario" time="4.697"/>
  <testcase classname="lms.Runner.TestRunner$TestNGTestRunner" name="runScenario" time="4.961"/>
  <testcase classname="lms.Runner.TestRunner$TestNGTestRunner" name="runScenario" time="17.583">
    <error message="no such element: Unable to locate element: {&quot;method&quot;:&quot;xpath&quot;,&quot;selector&quot;:&quot;//small[text()=&#039;This field should start with an alphabet and min 2 character.&#039;]&quot;}
  (Session info: chrome=133.0.6943.127)
For documentation on this error, please visit: https://www.selenium.dev/documentation/webdriver/troubleshooting/errors#no-such-element-exception
Build info: version: &#039;4.28.1&#039;, revision: &#039;73f5ad48a2&#039;
System info: os.name: &#039;Mac OS X&#039;, os.arch: &#039;x86_64&#039;, os.version: &#039;15.1.1&#039;, java.version: &#039;19.0.1&#039;
Driver info: org.openqa.selenium.chrome.ChromeDriver
Command: [f9206a6c9801035bb7f6731b887fcecf, findElement {using=xpath, value=//small[text()=&#039;This field should start with an alphabet and min 2 character.&#039;]}]
Capabilities {acceptInsecureCerts: false, browserName: chrome, browserVersion: 133.0.6943.127, chrome: {chromedriverVersion: 133.0.6943.126 (cffa127ce7b..., userDataDir: /var/folders/9x/bfy4ys6j4vn...}, fedcm:accounts: true, goog:chromeOptions: {debuggerAddress: localhost:63075}, networkConnectionEnabled: false, pageLoadStrategy: normal, platformName: mac, proxy: Proxy(), se:cdp: ws://localhost:63075/devtoo..., se:cdpVersion: 133.0.6943.127, setWindowRect: true, strictFileInteractability: false, timeouts: {implicit: 0, pageLoad: 300000, script: 30000}, unhandledPromptBehavior: dismiss and notify, webauthn:extension:credBlob: true, webauthn:extension:largeBlob: true, webauthn:extension:minPinLength: true, webauthn:extension:prf: true, webauthn:virtualAuthenticators: true}
Session ID: f9206a6c9801035bb7f6731b887fcecf" type="org.openqa.selenium.NoSuchElementException">
      <![CDATA[org.openqa.selenium.NoSuchElementException: no such element: Unable to locate element: {"method":"xpath","selector":"//small[text()='This field should start with an alphabet and min 2 character.']"}
  (Session info: chrome=133.0.6943.127)
For documentation on this error, please visit: https://www.selenium.dev/documentation/webdriver/troubleshooting/errors#no-such-element-exception
Build info: version: '4.28.1', revision: '73f5ad48a2'
System info: os.name: 'Mac OS X', os.arch: 'x86_64', os.version: '15.1.1', java.version: '19.0.1'
Driver info: org.openqa.selenium.chrome.ChromeDriver
Command: [f9206a6c9801035bb7f6731b887fcecf, findElement {using=xpath, value=//small[text()='This field should start with an alphabet and min 2 character.']}]
Capabilities {acceptInsecureCerts: false, browserName: chrome, browserVersion: 133.0.6943.127, chrome: {chromedriverVersion: 133.0.6943.126 (cffa127ce7b..., userDataDir: /var/folders/9x/bfy4ys6j4vn...}, fedcm:accounts: true, goog:chromeOptions: {debuggerAddress: localhost:63075}, networkConnectionEnabled: false, pageLoadStrategy: normal, platformName: mac, proxy: Proxy(), se:cdp: ws://localhost:63075/devtoo..., se:cdpVersion: 133.0.6943.127, setWindowRect: true, strictFileInteractability: false, timeouts: {implicit: 0, pageLoad: 300000, script: 30000}, unhandledPromptBehavior: dismiss and notify, webauthn:extension:credBlob: true, webauthn:extension:largeBlob: true, webauthn:extension:minPinLength: true, webauthn:extension:prf: true, webauthn:virtualAuthenticators: true}
Session ID: f9206a6c9801035bb7f6731b887fcecf
at java.base/jdk.internal.reflect.DirectConstructorHandleAccessor.newInstance(DirectConstructorHandleAccessor.java:67)
at java.base/java.lang.reflect.Constructor.newInstanceWithCaller(Constructor.java:500)
at java.base/java.lang.reflect.Constructor.newInstance(Constructor.java:484)
at org.openqa.selenium.remote.ErrorCodec.decode(ErrorCodec.java:167)
at org.openqa.selenium.remote.codec.w3c.W3CHttpResponseCodec.decode(W3CHttpResponseCodec.java:138)
at org.openqa.selenium.remote.codec.w3c.W3CHttpResponseCodec.decode(W3CHttpResponseCodec.java:50)
at org.openqa.selenium.remote.HttpCommandExecutor.execute(HttpCommandExecutor.java:215)
at org.openqa.selenium.remote.service.DriverCommandExecutor.invokeExecute(DriverCommandExecutor.java:216)
at org.openqa.selenium.remote.service.DriverCommandExecutor.execute(DriverCommandExecutor.java:174)
at org.openqa.selenium.remote.RemoteWebDriver.execute(RemoteWebDriver.java:545)
at org.openqa.selenium.remote.ElementLocation$ElementFinder$2.findElement(ElementLocation.java:165)
at org.openqa.selenium.remote.ElementLocation.findElement(ElementLocation.java:59)
at org.openqa.selenium.remote.RemoteWebDriver.findElement(RemoteWebDriver.java:368)
at org.openqa.selenium.remote.RemoteWebDriver.findElement(RemoteWebDriver.java:362)
at org.openqa.selenium.support.pagefactory.DefaultElementLocator.findElement(DefaultElementLocator.java:68)
at org.openqa.selenium.support.pagefactory.internal.LocatingElementHandler.invoke(LocatingElementHandler.java:38)
at jdk.proxy2/jdk.proxy2.$Proxy44.getText(Unknown Source)
at lms.PageObjects.BatchPage.getDescriptInvalidMsgDisplayed(BatchPage.java:194)
at lms.StepDefinitions.BatchEditIconValidation_StepDefinition.admin_should_get_a_error_message_under_the_respective_field(BatchEditIconValidation_StepDefinition.java:105)
at ✽.Admin should get a error message under the respective field(file:///Users/uvaraj/eclipse-workspace/Team12_TechRockstars_LMS_UI_Phase2/src/test/resources/Features/16_BatchEditIconValidation.feature:20)
]]>
    </error>
  </testcase> <!-- runScenario -->
  <testcase classname="lms.Runner.TestRunner$TestNGTestRunner" name="runScenario" time="6.067"/>
  <testcase classname="lms.Runner.TestRunner$TestNGTestRunner" name="runScenario" time="4.365"/>
  <testcase classname="lms.Runner.TestRunner$TestNGTestRunner" name="runScenario" time="5.455"/>
  <testcase classname="lms.Runner.TestRunner$TestNGTestRunner" name="runScenario" time="4.306"/>
  <testcase classname="lms.Runner.TestRunner$TestNGTestRunner" name="runScenario" time="5.574"/>
  <testcase classname="lms.Runner.TestRunner$TestNGTestRunner" name="runScenario" time="4.618"/>
  <testcase classname="lms.Runner.TestRunner$TestNGTestRunner" name="runScenario" time="4.298"/>
  <testcase classname="lms.Runner.TestRunner$TestNGTestRunner" name="runScenario" time="5.339"/>
  <testcase classname="lms.Runner.TestRunner$TestNGTestRunner" name="runScenario" time="4.902"/>
  <testcase classname="lms.Runner.TestRunner$TestNGTestRunner" name="runScenario" time="5.340">
    <error message="Cannot invoke &quot;String.toLowerCase()&quot; because the return value of &quot;lms.Utilities.ConfigReader.getrole()&quot; is null" type="java.lang.NullPointerException">
      <![CDATA[java.lang.NullPointerException: Cannot invoke "String.toLowerCase()" because the return value of "lms.Utilities.ConfigReader.getrole()" is null
at lms.PageObjects.HomePage.validateUserNameAndRole(HomePage.java:144)
at lms.StepDefinitions.HomePage_StepDefinition.admin_should_see_welcome_message_with_user_name_and_role(HomePage_StepDefinition.java:109)
at ✽.Admin should see welcome message with user name and role(file:///Users/uvaraj/eclipse-workspace/Team12_TechRockstars_LMS_UI_Phase2/src/test/resources/Features/02_HomePage.feature:43)
]]>
    </error>
  </testcase> <!-- runScenario -->
  <testcase classname="lms.Runner.TestRunner$TestNGTestRunner" name="runScenario" time="4.054"/>
  <testcase classname="lms.Runner.TestRunner$TestNGTestRunner" name="runScenario" time="4.852"/>
  <testcase classname="lms.Runner.TestRunner$TestNGTestRunner" name="runScenario" time="4.518"/>
  <testcase classname="lms.Runner.TestRunner$TestNGTestRunner" name="runScenario" time="4.897"/>
  <testcase classname="lms.Runner.TestRunner$TestNGTestRunner" name="runScenario" time="5.674"/>
  <testcase classname="lms.Runner.TestRunner$TestNGTestRunner" name="runScenario" time="4.270"/>
  <testcase classname="lms.Runner.TestRunner$TestNGTestRunner" name="runScenario" time="3.839"/>
  <testcase classname="lms.Runner.TestRunner$TestNGTestRunner" name="runScenario" time="3.948"/>
  <testcase classname="lms.Runner.TestRunner$TestNGTestRunner" name="runScenario" time="10.454">
    <error message="no such element: Unable to locate element: {&quot;method&quot;:&quot;xpath&quot;,&quot;selector&quot;:&quot;//span[normalize-space()=&#039;teckseleniumappium&#039;]&quot;}
  (Session info: chrome=133.0.6943.127)
For documentation on this error, please visit: https://www.selenium.dev/documentation/webdriver/troubleshooting/errors#no-such-element-exception
Build info: version: &#039;4.28.1&#039;, revision: &#039;73f5ad48a2&#039;
System info: os.name: &#039;Mac OS X&#039;, os.arch: &#039;x86_64&#039;, os.version: &#039;15.1.1&#039;, java.version: &#039;19.0.1&#039;
Driver info: org.openqa.selenium.chrome.ChromeDriver
Command: [4ed8d7e069bbe02ab9e3c3d35028e263, findElement {using=xpath, value=//span[normalize-space()=&#039;teckseleniumappium&#039;]}]
Capabilities {acceptInsecureCerts: false, browserName: chrome, browserVersion: 133.0.6943.127, chrome: {chromedriverVersion: 133.0.6943.126 (cffa127ce7b..., userDataDir: /var/folders/9x/bfy4ys6j4vn...}, fedcm:accounts: true, goog:chromeOptions: {debuggerAddress: localhost:60864}, networkConnectionEnabled: false, pageLoadStrategy: normal, platformName: mac, proxy: Proxy(), se:cdp: ws://localhost:60864/devtoo..., se:cdpVersion: 133.0.6943.127, setWindowRect: true, strictFileInteractability: false, timeouts: {implicit: 0, pageLoad: 300000, script: 30000}, unhandledPromptBehavior: dismiss and notify, webauthn:extension:credBlob: true, webauthn:extension:largeBlob: true, webauthn:extension:minPinLength: true, webauthn:extension:prf: true, webauthn:virtualAuthenticators: true}
Session ID: 4ed8d7e069bbe02ab9e3c3d35028e263" type="org.openqa.selenium.NoSuchElementException">
      <![CDATA[org.openqa.selenium.NoSuchElementException: no such element: Unable to locate element: {"method":"xpath","selector":"//span[normalize-space()='teckseleniumappium']"}
  (Session info: chrome=133.0.6943.127)
For documentation on this error, please visit: https://www.selenium.dev/documentation/webdriver/troubleshooting/errors#no-such-element-exception
Build info: version: '4.28.1', revision: '73f5ad48a2'
System info: os.name: 'Mac OS X', os.arch: 'x86_64', os.version: '15.1.1', java.version: '19.0.1'
Driver info: org.openqa.selenium.chrome.ChromeDriver
Command: [4ed8d7e069bbe02ab9e3c3d35028e263, findElement {using=xpath, value=//span[normalize-space()='teckseleniumappium']}]
Capabilities {acceptInsecureCerts: false, browserName: chrome, browserVersion: 133.0.6943.127, chrome: {chromedriverVersion: 133.0.6943.126 (cffa127ce7b..., userDataDir: /var/folders/9x/bfy4ys6j4vn...}, fedcm:accounts: true, goog:chromeOptions: {debuggerAddress: localhost:60864}, networkConnectionEnabled: false, pageLoadStrategy: normal, platformName: mac, proxy: Proxy(), se:cdp: ws://localhost:60864/devtoo..., se:cdpVersion: 133.0.6943.127, setWindowRect: true, strictFileInteractability: false, timeouts: {implicit: 0, pageLoad: 300000, script: 30000}, unhandledPromptBehavior: dismiss and notify, webauthn:extension:credBlob: true, webauthn:extension:largeBlob: true, webauthn:extension:minPinLength: true, webauthn:extension:prf: true, webauthn:virtualAuthenticators: true}
Session ID: 4ed8d7e069bbe02ab9e3c3d35028e263
at java.base/jdk.internal.reflect.DirectConstructorHandleAccessor.newInstance(DirectConstructorHandleAccessor.java:67)
at java.base/java.lang.reflect.Constructor.newInstanceWithCaller(Constructor.java:500)
at java.base/java.lang.reflect.Constructor.newInstance(Constructor.java:484)
at org.openqa.selenium.remote.ErrorCodec.decode(ErrorCodec.java:167)
at org.openqa.selenium.remote.codec.w3c.W3CHttpResponseCodec.decode(W3CHttpResponseCodec.java:138)
at org.openqa.selenium.remote.codec.w3c.W3CHttpResponseCodec.decode(W3CHttpResponseCodec.java:50)
at org.openqa.selenium.remote.HttpCommandExecutor.execute(HttpCommandExecutor.java:215)
at org.openqa.selenium.remote.service.DriverCommandExecutor.invokeExecute(DriverCommandExecutor.java:216)
at org.openqa.selenium.remote.service.DriverCommandExecutor.execute(DriverCommandExecutor.java:174)
at org.openqa.selenium.remote.RemoteWebDriver.execute(RemoteWebDriver.java:545)
at org.openqa.selenium.remote.ElementLocation$ElementFinder$2.findElement(ElementLocation.java:165)
at org.openqa.selenium.remote.ElementLocation.findElement(ElementLocation.java:59)
at org.openqa.selenium.remote.RemoteWebDriver.findElement(RemoteWebDriver.java:368)
at org.openqa.selenium.remote.RemoteWebDriver.findElement(RemoteWebDriver.java:362)
at lms.PageObjects.BatchPage.selectProgram(BatchPage.java:368)
at lms.StepDefinitions.BatchAddNewPopup_StepDefinition.admin_selects_program_name_present_in_the_dropdown(BatchAddNewPopup_StepDefinition.java:65)
at ✽.Admin selects program name present in the dropdown(file:///Users/uvaraj/eclipse-workspace/Team12_TechRockstars_LMS_UI_Phase2/src/test/resources/Features/09_AddNewBatchDetailsPopUp.feature:11)
]]>
    </error>
  </testcase> <!-- runScenario -->
  <testcase classname="lms.Runner.TestRunner$TestNGTestRunner" name="runScenario" time="31.569">
    <error message="Expected condition failed: waiting for visibility of Proxy element for: DefaultElementLocator &#039;By.xpath: //*[text()=&#039;Successful&#039;]&#039; (tried for 15 second(s) with 500 milliseconds interval)" type="org.openqa.selenium.TimeoutException">
      <![CDATA[org.openqa.selenium.TimeoutException: Expected condition failed: waiting for visibility of Proxy element for: DefaultElementLocator 'By.xpath: //*[text()='Successful']' (tried for 15 second(s) with 500 milliseconds interval)
at org.openqa.selenium.support.ui.WebDriverWait.timeoutException(WebDriverWait.java:84)
at org.openqa.selenium.support.ui.FluentWait.until(FluentWait.java:228)
at lms.PageObjects.BatchPage.waitForElementToBeVisible(BatchPage.java:468)
at lms.PageObjects.BatchPage.getToastMsg(BatchPage.java:462)
at lms.StepDefinitions.BatchAddNewPopup_StepDefinition.admin_should_get_a_succesesful_message(BatchAddNewPopup_StepDefinition.java:224)
at ✽.Admin should get a succesesful message(file:///Users/uvaraj/eclipse-workspace/Team12_TechRockstars_LMS_UI_Phase2/src/test/resources/Features/09_AddNewBatchDetailsPopUp.feature:33)
Caused by: org.openqa.selenium.NoSuchElementException: no such element: Unable to locate element: {"method":"xpath","selector":"//*[text()='Successful']"}
  (Session info: chrome=133.0.6943.127)
For documentation on this error, please visit: https://www.selenium.dev/documentation/webdriver/troubleshooting/errors#no-such-element-exception
Build info: version: '4.28.1', revision: '73f5ad48a2'
System info: os.name: 'Mac OS X', os.arch: 'x86_64', os.version: '15.1.1', java.version: '19.0.1'
Driver info: org.openqa.selenium.chrome.ChromeDriver
Command: [f976b8abc859e32e793b791c15644f6b, findElement {using=xpath, value=//*[text()='Successful']}]
Capabilities {acceptInsecureCerts: false, browserName: chrome, browserVersion: 133.0.6943.127, chrome: {chromedriverVersion: 133.0.6943.126 (cffa127ce7b..., userDataDir: /var/folders/9x/bfy4ys6j4vn...}, fedcm:accounts: true, goog:chromeOptions: {debuggerAddress: localhost:61359}, networkConnectionEnabled: false, pageLoadStrategy: normal, platformName: mac, proxy: Proxy(), se:cdp: ws://localhost:61359/devtoo..., se:cdpVersion: 133.0.6943.127, setWindowRect: true, strictFileInteractability: false, timeouts: {implicit: 0, pageLoad: 300000, script: 30000}, unhandledPromptBehavior: dismiss and notify, webauthn:extension:credBlob: true, webauthn:extension:largeBlob: true, webauthn:extension:minPinLength: true, webauthn:extension:prf: true, webauthn:virtualAuthenticators: true}
Session ID: f976b8abc859e32e793b791c15644f6b
at java.base/jdk.internal.reflect.DirectConstructorHandleAccessor.newInstance(DirectConstructorHandleAccessor.java:67)
at java.base/java.lang.reflect.Constructor.newInstanceWithCaller(Constructor.java:500)
at java.base/java.lang.reflect.Constructor.newInstance(Constructor.java:484)
at org.openqa.selenium.remote.ErrorCodec.decode(ErrorCodec.java:167)
at org.openqa.selenium.remote.codec.w3c.W3CHttpResponseCodec.decode(W3CHttpResponseCodec.java:138)
at org.openqa.selenium.remote.codec.w3c.W3CHttpResponseCodec.decode(W3CHttpResponseCodec.java:50)
at org.openqa.selenium.remote.HttpCommandExecutor.execute(HttpCommandExecutor.java:215)
at org.openqa.selenium.remote.service.DriverCommandExecutor.invokeExecute(DriverCommandExecutor.java:216)
at org.openqa.selenium.remote.service.DriverCommandExecutor.execute(DriverCommandExecutor.java:174)
at org.openqa.selenium.remote.RemoteWebDriver.execute(RemoteWebDriver.java:545)
at org.openqa.selenium.remote.ElementLocation$ElementFinder$2.findElement(ElementLocation.java:165)
at org.openqa.selenium.remote.ElementLocation.findElement(ElementLocation.java:59)
at org.openqa.selenium.remote.RemoteWebDriver.findElement(RemoteWebDriver.java:368)
at org.openqa.selenium.remote.RemoteWebDriver.findElement(RemoteWebDriver.java:362)
at org.openqa.selenium.support.pagefactory.DefaultElementLocator.findElement(DefaultElementLocator.java:68)
at org.openqa.selenium.support.pagefactory.internal.LocatingElementHandler.invoke(LocatingElementHandler.java:38)
at jdk.proxy2/jdk.proxy2.$Proxy44.isDisplayed(Unknown Source)
at org.openqa.selenium.support.ui.ExpectedConditions.elementIfVisible(ExpectedConditions.java:304)
at org.openqa.selenium.support.ui.ExpectedConditions$10.apply(ExpectedConditions.java:290)
at org.openqa.selenium.support.ui.ExpectedConditions$10.apply(ExpectedConditions.java:287)
at org.openqa.selenium.support.ui.FluentWait.until(FluentWait.java:203)
... 4 more
]]>
    </error>
  </testcase> <!-- runScenario -->
  <testcase classname="lms.Runner.TestRunner$TestNGTestRunner" name="runScenario" time="5.278"/>
  <testcase classname="lms.Runner.TestRunner$TestNGTestRunner" name="runScenario" time="4.178"/>
  <testcase classname="lms.Runner.TestRunner$TestNGTestRunner" name="runScenario" time="5.224"/>
  <testcase classname="lms.Runner.TestRunner$TestNGTestRunner" name="runScenario" time="4.684"/>
  <testcase classname="lms.Runner.TestRunner$TestNGTestRunner" name="runScenario" time="4.339"/>
  <testcase classname="lms.Runner.TestRunner$TestNGTestRunner" name="runScenario" time="4.726"/>
  <testcase classname="lms.Runner.TestRunner$TestNGTestRunner" name="runScenario" time="11.663">
    <failure message="expected [Program Created Successfully] but found []" type="java.lang.AssertionError">
      <![CDATA[java.lang.AssertionError: expected [Program Created Successfully] but found []
at org.testng.Assert.fail(Assert.java:111)
at org.testng.Assert.failNotEquals(Assert.java:1578)
at org.testng.Assert.assertEqualsImpl(Assert.java:150)
at org.testng.Assert.assertEquals(Assert.java:132)
at org.testng.Assert.assertEquals(Assert.java:656)
at org.testng.Assert.assertEquals(Assert.java:666)
at lms.StepDefinitions.AddNewProgram_StepDefinition.admin_gets_message(AddNewProgram_StepDefinition.java:125)
at ✽.Admin gets message "Program Created Successfully"(file:///Users/uvaraj/eclipse-workspace/Team12_TechRockstars_LMS_UI_Phase2/src/test/resources/Features/07_AddNewProgram.feature:45)
]]>
    </failure>
  </testcase> <!-- runScenario -->
  <testcase classname="lms.Runner.TestRunner$TestNGTestRunner" name="runScenario" time="5.014"/>
  <testcase classname="lms.Runner.TestRunner$TestNGTestRunner" name="runScenario" time="4.398"/>
  <testcase classname="lms.Runner.TestRunner$TestNGTestRunner" name="runScenario" time="4.437"/>
  <testcase classname="lms.Runner.TestRunner$TestNGTestRunner" name="runScenario" time="5.016"/>
  <testcase classname="lms.Runner.TestRunner$TestNGTestRunner" name="runScenario" time="3.943"/>
  <testcase classname="lms.Runner.TestRunner$TestNGTestRunner" name="runScenario" time="4.741"/>
  <testcase classname="lms.Runner.TestRunner$TestNGTestRunner" name="runScenario" time="4.458"/>
  <testcase classname="lms.Runner.TestRunner$TestNGTestRunner" name="runScenario" time="5.243"/>
  <testcase classname="lms.Runner.TestRunner$TestNGTestRunner" name="runScenario" time="33.216"/>
  <testcase classname="lms.Runner.TestRunner$TestNGTestRunner" name="runScenario" time="11.599">
    <error message="Index 0 out of bounds for length 0" type="java.lang.IndexOutOfBoundsException">
      <![CDATA[java.lang.IndexOutOfBoundsException: Index 0 out of bounds for length 0
at java.base/jdk.internal.util.Preconditions.outOfBounds(Preconditions.java:100)
at java.base/jdk.internal.util.Preconditions.outOfBoundsCheckIndex(Preconditions.java:106)
at java.base/jdk.internal.util.Preconditions.checkIndex(Preconditions.java:302)
at java.base/java.util.Objects.checkIndex(Objects.java:385)
at java.base/java.util.ArrayList.get(ArrayList.java:427)
at java.base/jdk.internal.reflect.DirectMethodHandleAccessor.invoke(DirectMethodHandleAccessor.java:104)
at java.base/java.lang.reflect.Method.invoke(Method.java:578)
at org.openqa.selenium.support.pagefactory.internal.LocatingElementListHandler.invoke(LocatingElementListHandler.java:39)
at jdk.proxy2/jdk.proxy2.$Proxy46.get(Unknown Source)
at lms.PageObjects.ProgramPage.programName(ProgramPage.java:404)
at lms.StepDefinitions.EditProgram_StepDefinition.admin_clicks_on_edit_icon_for_particular_program(EditProgram_StepDefinition.java:30)
at ✽.Admin clicks on edit icon for particular program(file:///Users/uvaraj/eclipse-workspace/Team12_TechRockstars_LMS_UI_Phase2/src/test/resources/Features/15_EditProgram.feature:23)
]]>
    </error>
  </testcase> <!-- runScenario -->
  <testcase classname="lms.Runner.TestRunner$TestNGTestRunner" name="runScenario" time="3.991"/>
  <testcase classname="lms.Runner.TestRunner$TestNGTestRunner" name="runScenario" time="8.133"/>
  <testcase classname="lms.Runner.TestRunner$TestNGTestRunner" name="runScenario" time="11.412">
    <error message="Index 0 out of bounds for length 0" type="java.lang.IndexOutOfBoundsException">
      <![CDATA[java.lang.IndexOutOfBoundsException: Index 0 out of bounds for length 0
at java.base/jdk.internal.util.Preconditions.outOfBounds(Preconditions.java:100)
at java.base/jdk.internal.util.Preconditions.outOfBoundsCheckIndex(Preconditions.java:106)
at java.base/jdk.internal.util.Preconditions.checkIndex(Preconditions.java:302)
at java.base/java.util.Objects.checkIndex(Objects.java:385)
at java.base/java.util.ArrayList.get(ArrayList.java:427)
at java.base/jdk.internal.reflect.DirectMethodHandleAccessor.invoke(DirectMethodHandleAccessor.java:104)
at java.base/java.lang.reflect.Method.invoke(Method.java:578)
at org.openqa.selenium.support.pagefactory.internal.LocatingElementListHandler.invoke(LocatingElementListHandler.java:39)
at jdk.proxy2/jdk.proxy2.$Proxy46.get(Unknown Source)
at lms.PageObjects.ProgramPage.programName(ProgramPage.java:404)
at lms.StepDefinitions.AddNewProgram_StepDefinition.records_of_the_newly_created_program_name_is_displayed_and_match_the_data_entered(AddNewProgram_StepDefinition.java:143)
at ✽.Records of the newly created program name is displayed and match the data entered(file:///Users/uvaraj/eclipse-workspace/Team12_TechRockstars_LMS_UI_Phase2/src/test/resources/Features/07_AddNewProgram.feature:62)
]]>
    </error>
  </testcase> <!-- runScenario -->
  <testcase classname="lms.Runner.TestRunner$TestNGTestRunner" name="runScenario" time="6.081"/>
  <testcase classname="lms.Runner.TestRunner$TestNGTestRunner" name="runScenario" time="5.287"/>
  <testcase classname="lms.Runner.TestRunner$TestNGTestRunner" name="runScenario" time="10.197">
    <error message="no such element: Unable to locate element: {&quot;method&quot;:&quot;xpath&quot;,&quot;selector&quot;:&quot;//div[@class=&#039;box&#039;]&quot;}
  (Session info: chrome=133.0.6943.127)
For documentation on this error, please visit: https://www.selenium.dev/documentation/webdriver/troubleshooting/errors#no-such-element-exception
Build info: version: &#039;4.28.1&#039;, revision: &#039;73f5ad48a2&#039;
System info: os.name: &#039;Mac OS X&#039;, os.arch: &#039;x86_64&#039;, os.version: &#039;15.1.1&#039;, java.version: &#039;19.0.1&#039;
Driver info: org.openqa.selenium.chrome.ChromeDriver
Command: [f6bbc2fc3901b67ae17752575fc6912b, findElement {using=xpath, value=//div[@class=&#039;box&#039;]}]
Capabilities {acceptInsecureCerts: false, browserName: chrome, browserVersion: 133.0.6943.127, chrome: {chromedriverVersion: 133.0.6943.126 (cffa127ce7b..., userDataDir: /var/folders/9x/bfy4ys6j4vn...}, fedcm:accounts: true, goog:chromeOptions: {debuggerAddress: localhost:56246}, networkConnectionEnabled: false, pageLoadStrategy: normal, platformName: mac, proxy: Proxy(), se:cdp: ws://localhost:56246/devtoo..., se:cdpVersion: 133.0.6943.127, setWindowRect: true, strictFileInteractability: false, timeouts: {implicit: 0, pageLoad: 300000, script: 30000}, unhandledPromptBehavior: dismiss and notify, webauthn:extension:credBlob: true, webauthn:extension:largeBlob: true, webauthn:extension:minPinLength: true, webauthn:extension:prf: true, webauthn:virtualAuthenticators: true}
Session ID: f6bbc2fc3901b67ae17752575fc6912b" type="org.openqa.selenium.NoSuchElementException">
      <![CDATA[org.openqa.selenium.NoSuchElementException: no such element: Unable to locate element: {"method":"xpath","selector":"//div[@class='box']"}
  (Session info: chrome=133.0.6943.127)
For documentation on this error, please visit: https://www.selenium.dev/documentation/webdriver/troubleshooting/errors#no-such-element-exception
Build info: version: '4.28.1', revision: '73f5ad48a2'
System info: os.name: 'Mac OS X', os.arch: 'x86_64', os.version: '15.1.1', java.version: '19.0.1'
Driver info: org.openqa.selenium.chrome.ChromeDriver
Command: [f6bbc2fc3901b67ae17752575fc6912b, findElement {using=xpath, value=//div[@class='box']}]
Capabilities {acceptInsecureCerts: false, browserName: chrome, browserVersion: 133.0.6943.127, chrome: {chromedriverVersion: 133.0.6943.126 (cffa127ce7b..., userDataDir: /var/folders/9x/bfy4ys6j4vn...}, fedcm:accounts: true, goog:chromeOptions: {debuggerAddress: localhost:56246}, networkConnectionEnabled: false, pageLoadStrategy: normal, platformName: mac, proxy: Proxy(), se:cdp: ws://localhost:56246/devtoo..., se:cdpVersion: 133.0.6943.127, setWindowRect: true, strictFileInteractability: false, timeouts: {implicit: 0, pageLoad: 300000, script: 30000}, unhandledPromptBehavior: dismiss and notify, webauthn:extension:credBlob: true, webauthn:extension:largeBlob: true, webauthn:extension:minPinLength: true, webauthn:extension:prf: true, webauthn:virtualAuthenticators: true}
Session ID: f6bbc2fc3901b67ae17752575fc6912b
at java.base/jdk.internal.reflect.DirectConstructorHandleAccessor.newInstance(DirectConstructorHandleAccessor.java:67)
at java.base/java.lang.reflect.Constructor.newInstanceWithCaller(Constructor.java:500)
at java.base/java.lang.reflect.Constructor.newInstance(Constructor.java:484)
at org.openqa.selenium.remote.ErrorCodec.decode(ErrorCodec.java:167)
at org.openqa.selenium.remote.codec.w3c.W3CHttpResponseCodec.decode(W3CHttpResponseCodec.java:138)
at org.openqa.selenium.remote.codec.w3c.W3CHttpResponseCodec.decode(W3CHttpResponseCodec.java:50)
at org.openqa.selenium.remote.HttpCommandExecutor.execute(HttpCommandExecutor.java:215)
at org.openqa.selenium.remote.service.DriverCommandExecutor.invokeExecute(DriverCommandExecutor.java:216)
at org.openqa.selenium.remote.service.DriverCommandExecutor.execute(DriverCommandExecutor.java:174)
at org.openqa.selenium.remote.RemoteWebDriver.execute(RemoteWebDriver.java:545)
at org.openqa.selenium.remote.ElementLocation$ElementFinder$2.findElement(ElementLocation.java:165)
at org.openqa.selenium.remote.ElementLocation.findElement(ElementLocation.java:59)
at org.openqa.selenium.remote.RemoteWebDriver.findElement(RemoteWebDriver.java:368)
at org.openqa.selenium.remote.RemoteWebDriver.findElement(RemoteWebDriver.java:362)
at org.openqa.selenium.support.pagefactory.DefaultElementLocator.findElement(DefaultElementLocator.java:68)
at org.openqa.selenium.support.pagefactory.internal.LocatingElementHandler.invoke(LocatingElementHandler.java:38)
at jdk.proxy2/jdk.proxy2.$Proxy44.isDisplayed(Unknown Source)
at lms.PageObjects.LoginPage.verifyDashboard(LoginPage.java:240)
at lms.StepDefinitions.Login_StepDefinition.admin_should_land_on_home_page(Login_StepDefinition.java:170)
at ✽.Admin should land on home page(file:///Users/uvaraj/eclipse-workspace/Team12_TechRockstars_LMS_UI_Phase2/src/test/resources/Features/01_Login.feature:136)
]]>
    </error>
  </testcase> <!-- runScenario -->
  <testcase classname="lms.Runner.TestRunner$TestNGTestRunner" name="runScenario" time="3.899"/>
  <testcase classname="lms.Runner.TestRunner$TestNGTestRunner" name="runScenario" time="5.012"/>
  <testcase classname="lms.Runner.TestRunner$TestNGTestRunner" name="runScenario" time="4.769"/>
  <testcase classname="lms.Runner.TestRunner$TestNGTestRunner" name="runScenario" time="5.116"/>
  <testcase classname="lms.Runner.TestRunner$TestNGTestRunner" name="runScenario" time="5.782"/>
  <testcase classname="lms.Runner.TestRunner$TestNGTestRunner" name="runScenario" time="5.002"/>
  <testcase classname="lms.Runner.TestRunner$TestNGTestRunner" name="runScenario" time="4.964"/>
  <testcase classname="lms.Runner.TestRunner$TestNGTestRunner" name="runScenario" time="4.516"/>
  <testcase classname="lms.Runner.TestRunner$TestNGTestRunner" name="runScenario" time="5.661"/>
  <testcase classname="lms.Runner.TestRunner$TestNGTestRunner" name="runScenario" time="31.075">
    <error message="no such element: Unable to locate element: {&quot;method&quot;:&quot;xpath&quot;,&quot;selector&quot;:&quot;//*[text()=&#039;Program Deleted&#039;]&quot;}
  (Session info: chrome=133.0.6943.127)
For documentation on this error, please visit: https://www.selenium.dev/documentation/webdriver/troubleshooting/errors#no-such-element-exception
Build info: version: &#039;4.28.1&#039;, revision: &#039;73f5ad48a2&#039;
System info: os.name: &#039;Mac OS X&#039;, os.arch: &#039;x86_64&#039;, os.version: &#039;15.1.1&#039;, java.version: &#039;19.0.1&#039;
Driver info: org.openqa.selenium.chrome.ChromeDriver
Command: [222e3e9c417f004fcc61abcb8381deec, findElement {using=xpath, value=//*[text()=&#039;Program Deleted&#039;]}]
Capabilities {acceptInsecureCerts: false, browserName: chrome, browserVersion: 133.0.6943.127, chrome: {chromedriverVersion: 133.0.6943.126 (cffa127ce7b..., userDataDir: /var/folders/9x/bfy4ys6j4vn...}, fedcm:accounts: true, goog:chromeOptions: {debuggerAddress: localhost:65132}, networkConnectionEnabled: false, pageLoadStrategy: normal, platformName: mac, proxy: Proxy(), se:cdp: ws://localhost:65132/devtoo..., se:cdpVersion: 133.0.6943.127, setWindowRect: true, strictFileInteractability: false, timeouts: {implicit: 0, pageLoad: 300000, script: 30000}, unhandledPromptBehavior: dismiss and notify, webauthn:extension:credBlob: true, webauthn:extension:largeBlob: true, webauthn:extension:minPinLength: true, webauthn:extension:prf: true, webauthn:virtualAuthenticators: true}
Session ID: 222e3e9c417f004fcc61abcb8381deec" type="org.openqa.selenium.NoSuchElementException">
      <![CDATA[org.openqa.selenium.NoSuchElementException: no such element: Unable to locate element: {"method":"xpath","selector":"//*[text()='Program Deleted']"}
  (Session info: chrome=133.0.6943.127)
For documentation on this error, please visit: https://www.selenium.dev/documentation/webdriver/troubleshooting/errors#no-such-element-exception
Build info: version: '4.28.1', revision: '73f5ad48a2'
System info: os.name: 'Mac OS X', os.arch: 'x86_64', os.version: '15.1.1', java.version: '19.0.1'
Driver info: org.openqa.selenium.chrome.ChromeDriver
Command: [222e3e9c417f004fcc61abcb8381deec, findElement {using=xpath, value=//*[text()='Program Deleted']}]
Capabilities {acceptInsecureCerts: false, browserName: chrome, browserVersion: 133.0.6943.127, chrome: {chromedriverVersion: 133.0.6943.126 (cffa127ce7b..., userDataDir: /var/folders/9x/bfy4ys6j4vn...}, fedcm:accounts: true, goog:chromeOptions: {debuggerAddress: localhost:65132}, networkConnectionEnabled: false, pageLoadStrategy: normal, platformName: mac, proxy: Proxy(), se:cdp: ws://localhost:65132/devtoo..., se:cdpVersion: 133.0.6943.127, setWindowRect: true, strictFileInteractability: false, timeouts: {implicit: 0, pageLoad: 300000, script: 30000}, unhandledPromptBehavior: dismiss and notify, webauthn:extension:credBlob: true, webauthn:extension:largeBlob: true, webauthn:extension:minPinLength: true, webauthn:extension:prf: true, webauthn:virtualAuthenticators: true}
Session ID: 222e3e9c417f004fcc61abcb8381deec
at java.base/jdk.internal.reflect.DirectConstructorHandleAccessor.newInstance(DirectConstructorHandleAccessor.java:67)
at java.base/java.lang.reflect.Constructor.newInstanceWithCaller(Constructor.java:500)
at java.base/java.lang.reflect.Constructor.newInstance(Constructor.java:484)
at org.openqa.selenium.remote.ErrorCodec.decode(ErrorCodec.java:167)
at org.openqa.selenium.remote.codec.w3c.W3CHttpResponseCodec.decode(W3CHttpResponseCodec.java:138)
at org.openqa.selenium.remote.codec.w3c.W3CHttpResponseCodec.decode(W3CHttpResponseCodec.java:50)
at org.openqa.selenium.remote.HttpCommandExecutor.execute(HttpCommandExecutor.java:215)
at org.openqa.selenium.remote.service.DriverCommandExecutor.invokeExecute(DriverCommandExecutor.java:216)
at org.openqa.selenium.remote.service.DriverCommandExecutor.execute(DriverCommandExecutor.java:174)
at org.openqa.selenium.remote.RemoteWebDriver.execute(RemoteWebDriver.java:545)
at org.openqa.selenium.remote.ElementLocation$ElementFinder$2.findElement(ElementLocation.java:165)
at org.openqa.selenium.remote.ElementLocation.findElement(ElementLocation.java:59)
at org.openqa.selenium.remote.RemoteWebDriver.findElement(RemoteWebDriver.java:368)
at org.openqa.selenium.remote.RemoteWebDriver.findElement(RemoteWebDriver.java:362)
at org.openqa.selenium.support.pagefactory.DefaultElementLocator.findElement(DefaultElementLocator.java:68)
at org.openqa.selenium.support.pagefactory.internal.LocatingElementHandler.invoke(LocatingElementHandler.java:38)
at jdk.proxy2/jdk.proxy2.$Proxy44.isDisplayed(Unknown Source)
at lms.PageObjects.ProgramPage.progDeleteMesgDisplayed(ProgramPage.java:343)
at lms.StepDefinitions.DeleteProgram_StepDefinition.admin_can_see_message(DeleteProgram_StepDefinition.java:39)
at ✽.Admin can see 'Successful Program Deleted' message(file:///Users/uvaraj/eclipse-workspace/Team12_TechRockstars_LMS_UI_Phase2/src/test/resources/Features/28_DeleteMultipleProgram.feature:23)
]]>
    </error>
  </testcase> <!-- runScenario -->
  <testcase classname="lms.Runner.TestRunner$TestNGTestRunner" name="runScenario" time="7.576"/>
  <testcase classname="lms.Runner.TestRunner$TestNGTestRunner" name="runScenario" time="12.128">
    <error message="Index 0 out of bounds for length 0" type="java.lang.IndexOutOfBoundsException">
      <![CDATA[java.lang.IndexOutOfBoundsException: Index 0 out of bounds for length 0
at java.base/jdk.internal.util.Preconditions.outOfBounds(Preconditions.java:100)
at java.base/jdk.internal.util.Preconditions.outOfBoundsCheckIndex(Preconditions.java:106)
at java.base/jdk.internal.util.Preconditions.checkIndex(Preconditions.java:302)
at java.base/java.util.Objects.checkIndex(Objects.java:385)
at java.base/java.util.ArrayList.get(ArrayList.java:427)
at java.base/jdk.internal.reflect.DirectMethodHandleAccessor.invoke(DirectMethodHandleAccessor.java:104)
at java.base/java.lang.reflect.Method.invoke(Method.java:578)
at org.openqa.selenium.support.pagefactory.internal.LocatingElementListHandler.invoke(LocatingElementListHandler.java:39)
at jdk.proxy2/jdk.proxy2.$Proxy46.get(Unknown Source)
at lms.PageObjects.ProgramPage.programName(ProgramPage.java:404)
at lms.StepDefinitions.AddNewProgram_StepDefinition.records_of_the_newly_created_program_name_is_displayed_and_match_the_data_entered(AddNewProgram_StepDefinition.java:143)
at ✽.Records of the newly created program name is displayed and match the data entered(file:///Users/uvaraj/eclipse-workspace/Team12_TechRockstars_LMS_UI_Phase2/src/test/resources/Features/07_AddNewProgram.feature:62)
]]>
    </error>
  </testcase> <!-- runScenario -->
  <testcase classname="lms.Runner.TestRunner$TestNGTestRunner" name="runScenario" time="4.978"/>
  <testcase classname="lms.Runner.TestRunner$TestNGTestRunner" name="runScenario" time="4.835"/>
  <testcase classname="lms.Runner.TestRunner$TestNGTestRunner" name="runScenario" time="4.425"/>
  <testcase classname="lms.Runner.TestRunner$TestNGTestRunner" name="runScenario" time="6.604"/>
  <testcase classname="lms.Runner.TestRunner$TestNGTestRunner" name="runScenario" time="9.179">
    <error message="no such element: Unable to locate element: {&quot;method&quot;:&quot;xpath&quot;,&quot;selector&quot;:&quot;//div[@class=&#039;box&#039;]&quot;}
  (Session info: chrome=133.0.6943.127)
For documentation on this error, please visit: https://www.selenium.dev/documentation/webdriver/troubleshooting/errors#no-such-element-exception
Build info: version: &#039;4.28.1&#039;, revision: &#039;73f5ad48a2&#039;
System info: os.name: &#039;Mac OS X&#039;, os.arch: &#039;x86_64&#039;, os.version: &#039;15.1.1&#039;, java.version: &#039;19.0.1&#039;
Driver info: org.openqa.selenium.chrome.ChromeDriver
Command: [1267da33f8071aab4bde250e78065832, findElement {using=xpath, value=//div[@class=&#039;box&#039;]}]
Capabilities {acceptInsecureCerts: false, browserName: chrome, browserVersion: 133.0.6943.127, chrome: {chromedriverVersion: 133.0.6943.126 (cffa127ce7b..., userDataDir: /var/folders/9x/bfy4ys6j4vn...}, fedcm:accounts: true, goog:chromeOptions: {debuggerAddress: localhost:56317}, networkConnectionEnabled: false, pageLoadStrategy: normal, platformName: mac, proxy: Proxy(), se:cdp: ws://localhost:56317/devtoo..., se:cdpVersion: 133.0.6943.127, setWindowRect: true, strictFileInteractability: false, timeouts: {implicit: 0, pageLoad: 300000, script: 30000}, unhandledPromptBehavior: dismiss and notify, webauthn:extension:credBlob: true, webauthn:extension:largeBlob: true, webauthn:extension:minPinLength: true, webauthn:extension:prf: true, webauthn:virtualAuthenticators: true}
Session ID: 1267da33f8071aab4bde250e78065832" type="org.openqa.selenium.NoSuchElementException">
      <![CDATA[org.openqa.selenium.NoSuchElementException: no such element: Unable to locate element: {"method":"xpath","selector":"//div[@class='box']"}
  (Session info: chrome=133.0.6943.127)
For documentation on this error, please visit: https://www.selenium.dev/documentation/webdriver/troubleshooting/errors#no-such-element-exception
Build info: version: '4.28.1', revision: '73f5ad48a2'
System info: os.name: 'Mac OS X', os.arch: 'x86_64', os.version: '15.1.1', java.version: '19.0.1'
Driver info: org.openqa.selenium.chrome.ChromeDriver
Command: [1267da33f8071aab4bde250e78065832, findElement {using=xpath, value=//div[@class='box']}]
Capabilities {acceptInsecureCerts: false, browserName: chrome, browserVersion: 133.0.6943.127, chrome: {chromedriverVersion: 133.0.6943.126 (cffa127ce7b..., userDataDir: /var/folders/9x/bfy4ys6j4vn...}, fedcm:accounts: true, goog:chromeOptions: {debuggerAddress: localhost:56317}, networkConnectionEnabled: false, pageLoadStrategy: normal, platformName: mac, proxy: Proxy(), se:cdp: ws://localhost:56317/devtoo..., se:cdpVersion: 133.0.6943.127, setWindowRect: true, strictFileInteractability: false, timeouts: {implicit: 0, pageLoad: 300000, script: 30000}, unhandledPromptBehavior: dismiss and notify, webauthn:extension:credBlob: true, webauthn:extension:largeBlob: true, webauthn:extension:minPinLength: true, webauthn:extension:prf: true, webauthn:virtualAuthenticators: true}
Session ID: 1267da33f8071aab4bde250e78065832
at java.base/jdk.internal.reflect.DirectConstructorHandleAccessor.newInstance(DirectConstructorHandleAccessor.java:67)
at java.base/java.lang.reflect.Constructor.newInstanceWithCaller(Constructor.java:500)
at java.base/java.lang.reflect.Constructor.newInstance(Constructor.java:484)
at org.openqa.selenium.remote.ErrorCodec.decode(ErrorCodec.java:167)
at org.openqa.selenium.remote.codec.w3c.W3CHttpResponseCodec.decode(W3CHttpResponseCodec.java:138)
at org.openqa.selenium.remote.codec.w3c.W3CHttpResponseCodec.decode(W3CHttpResponseCodec.java:50)
at org.openqa.selenium.remote.HttpCommandExecutor.execute(HttpCommandExecutor.java:215)
at org.openqa.selenium.remote.service.DriverCommandExecutor.invokeExecute(DriverCommandExecutor.java:216)
at org.openqa.selenium.remote.service.DriverCommandExecutor.execute(DriverCommandExecutor.java:174)
at org.openqa.selenium.remote.RemoteWebDriver.execute(RemoteWebDriver.java:545)
at org.openqa.selenium.remote.ElementLocation$ElementFinder$2.findElement(ElementLocation.java:165)
at org.openqa.selenium.remote.ElementLocation.findElement(ElementLocation.java:59)
at org.openqa.selenium.remote.RemoteWebDriver.findElement(RemoteWebDriver.java:368)
at org.openqa.selenium.remote.RemoteWebDriver.findElement(RemoteWebDriver.java:362)
at org.openqa.selenium.support.pagefactory.DefaultElementLocator.findElement(DefaultElementLocator.java:68)
at org.openqa.selenium.support.pagefactory.internal.LocatingElementHandler.invoke(LocatingElementHandler.java:38)
at jdk.proxy2/jdk.proxy2.$Proxy44.isDisplayed(Unknown Source)
at lms.PageObjects.LoginPage.verifyDashboard(LoginPage.java:240)
at lms.StepDefinitions.Login_StepDefinition.admin_should_land_on_home_page(Login_StepDefinition.java:170)
at ✽.Admin should land on home page(file:///Users/uvaraj/eclipse-workspace/Team12_TechRockstars_LMS_UI_Phase2/src/test/resources/Features/01_Login.feature:136)
]]>
    </error>
  </testcase> <!-- runScenario -->
  <testcase classname="lms.Runner.TestRunner$TestNGTestRunner" name="runScenario" time="4.601"/>
  <testcase classname="lms.Runner.TestRunner$TestNGTestRunner" name="runScenario" time="6.356"/>
  <testcase classname="lms.Runner.TestRunner$TestNGTestRunner" name="runScenario" time="4.222"/>
  <testcase classname="lms.Runner.TestRunner$TestNGTestRunner" name="runScenario" time="4.873"/>
  <testcase classname="lms.Runner.TestRunner$TestNGTestRunner" name="runScenario" time="12.126"/>
  <testcase classname="lms.Runner.TestRunner$TestNGTestRunner" name="runScenario" time="4.699"/>
  <testcase classname="lms.Runner.TestRunner$TestNGTestRunner" name="runScenario" time="4.029"/>
  <testcase classname="lms.Runner.TestRunner$TestNGTestRunner" name="runScenario" time="5.088"/>
  <testcase classname="lms.Runner.TestRunner$TestNGTestRunner" name="runScenario" time="4.249"/>
  <testcase classname="lms.Runner.TestRunner$TestNGTestRunner" name="runScenario" time="31.352">
    <error message="Expected condition failed: waiting for visibility of Proxy element for: DefaultElementLocator &#039;By.xpath: //*[text()=&#039;Successful&#039;]&#039; (tried for 15 second(s) with 500 milliseconds interval)" type="org.openqa.selenium.TimeoutException">
      <![CDATA[org.openqa.selenium.TimeoutException: Expected condition failed: waiting for visibility of Proxy element for: DefaultElementLocator 'By.xpath: //*[text()='Successful']' (tried for 15 second(s) with 500 milliseconds interval)
at org.openqa.selenium.support.ui.WebDriverWait.timeoutException(WebDriverWait.java:84)
at org.openqa.selenium.support.ui.FluentWait.until(FluentWait.java:228)
at lms.PageObjects.BatchPage.waitForElementToBeVisible(BatchPage.java:468)
at lms.PageObjects.BatchPage.getToastMsg(BatchPage.java:462)
at lms.StepDefinitions.BatchAddNewPopup_StepDefinition.admin_should_get_a_succesesful_message(BatchAddNewPopup_StepDefinition.java:224)
at ✽.Admin should get a succesesful message(file:///Users/uvaraj/eclipse-workspace/Team12_TechRockstars_LMS_UI_Phase2/src/test/resources/Features/09_AddNewBatchDetailsPopUp.feature:33)
Caused by: org.openqa.selenium.NoSuchElementException: no such element: Unable to locate element: {"method":"xpath","selector":"//*[text()='Successful']"}
  (Session info: chrome=133.0.6943.127)
For documentation on this error, please visit: https://www.selenium.dev/documentation/webdriver/troubleshooting/errors#no-such-element-exception
Build info: version: '4.28.1', revision: '73f5ad48a2'
System info: os.name: 'Mac OS X', os.arch: 'x86_64', os.version: '15.1.1', java.version: '19.0.1'
Driver info: org.openqa.selenium.chrome.ChromeDriver
Command: [cfd7871ac2ea347e9f887c6ff81eb023, findElement {using=xpath, value=//*[text()='Successful']}]
Capabilities {acceptInsecureCerts: false, browserName: chrome, browserVersion: 133.0.6943.127, chrome: {chromedriverVersion: 133.0.6943.126 (cffa127ce7b..., userDataDir: /var/folders/9x/bfy4ys6j4vn...}, fedcm:accounts: true, goog:chromeOptions: {debuggerAddress: localhost:61369}, networkConnectionEnabled: false, pageLoadStrategy: normal, platformName: mac, proxy: Proxy(), se:cdp: ws://localhost:61369/devtoo..., se:cdpVersion: 133.0.6943.127, setWindowRect: true, strictFileInteractability: false, timeouts: {implicit: 0, pageLoad: 300000, script: 30000}, unhandledPromptBehavior: dismiss and notify, webauthn:extension:credBlob: true, webauthn:extension:largeBlob: true, webauthn:extension:minPinLength: true, webauthn:extension:prf: true, webauthn:virtualAuthenticators: true}
Session ID: cfd7871ac2ea347e9f887c6ff81eb023
at java.base/jdk.internal.reflect.DirectConstructorHandleAccessor.newInstance(DirectConstructorHandleAccessor.java:67)
at java.base/java.lang.reflect.Constructor.newInstanceWithCaller(Constructor.java:500)
at java.base/java.lang.reflect.Constructor.newInstance(Constructor.java:484)
at org.openqa.selenium.remote.ErrorCodec.decode(ErrorCodec.java:167)
at org.openqa.selenium.remote.codec.w3c.W3CHttpResponseCodec.decode(W3CHttpResponseCodec.java:138)
at org.openqa.selenium.remote.codec.w3c.W3CHttpResponseCodec.decode(W3CHttpResponseCodec.java:50)
at org.openqa.selenium.remote.HttpCommandExecutor.execute(HttpCommandExecutor.java:215)
at org.openqa.selenium.remote.service.DriverCommandExecutor.invokeExecute(DriverCommandExecutor.java:216)
at org.openqa.selenium.remote.service.DriverCommandExecutor.execute(DriverCommandExecutor.java:174)
at org.openqa.selenium.remote.RemoteWebDriver.execute(RemoteWebDriver.java:545)
at org.openqa.selenium.remote.ElementLocation$ElementFinder$2.findElement(ElementLocation.java:165)
at org.openqa.selenium.remote.ElementLocation.findElement(ElementLocation.java:59)
at org.openqa.selenium.remote.RemoteWebDriver.findElement(RemoteWebDriver.java:368)
at org.openqa.selenium.remote.RemoteWebDriver.findElement(RemoteWebDriver.java:362)
at org.openqa.selenium.support.pagefactory.DefaultElementLocator.findElement(DefaultElementLocator.java:68)
at org.openqa.selenium.support.pagefactory.internal.LocatingElementHandler.invoke(LocatingElementHandler.java:38)
at jdk.proxy2/jdk.proxy2.$Proxy44.isDisplayed(Unknown Source)
at org.openqa.selenium.support.ui.ExpectedConditions.elementIfVisible(ExpectedConditions.java:304)
at org.openqa.selenium.support.ui.ExpectedConditions$10.apply(ExpectedConditions.java:290)
at org.openqa.selenium.support.ui.ExpectedConditions$10.apply(ExpectedConditions.java:287)
at org.openqa.selenium.support.ui.FluentWait.until(FluentWait.java:203)
... 4 more
]]>
    </error>
  </testcase> <!-- runScenario -->
  <testcase classname="lms.Runner.TestRunner$TestNGTestRunner" name="runScenario" time="4.987"/>
  <testcase classname="lms.Runner.TestRunner$TestNGTestRunner" name="runScenario" time="5.061"/>
  <testcase classname="lms.Runner.TestRunner$TestNGTestRunner" name="runScenario" time="4.180"/>
  <testcase classname="lms.Runner.TestRunner$TestNGTestRunner" name="runScenario" time="6.647"/>
  <testcase classname="lms.Runner.TestRunner$TestNGTestRunner" name="runScenario" time="6.402"/>
  <testcase classname="lms.Runner.TestRunner$TestNGTestRunner" name="runScenario" time="5.220"/>
  <testcase classname="lms.Runner.TestRunner$TestNGTestRunner" name="runScenario" time="15.086"/>
  <testcase classname="lms.Runner.TestRunner$TestNGTestRunner" name="runScenario" time="5.921">
    <failure message="expected [false] but found [true]" type="java.lang.AssertionError">
      <![CDATA[java.lang.AssertionError: expected [false] but found [true]
at org.testng.Assert.fail(Assert.java:111)
at org.testng.Assert.failNotEquals(Assert.java:1578)
at org.testng.Assert.assertEqualsImpl(Assert.java:150)
at org.testng.Assert.assertEquals(Assert.java:132)
at org.testng.Assert.assertEquals(Assert.java:1067)
at org.testng.Assert.assertEquals(Assert.java:1031)
at org.testng.Assert.assertEquals(Assert.java:1077)
at lms.StepDefinitions.BatchPageValidation_StepDefinition.admin_should_see_the_disabled_under_the_header(BatchPageValidation_StepDefinition.java:72)
at ✽.Admin should see the disabled "Delete Icon" under the header(file:///Users/uvaraj/eclipse-workspace/Team12_TechRockstars_LMS_UI_Phase2/src/test/resources/Features/05_BatchPageValidation.feature:18)
]]>
    </failure>
  </testcase> <!-- runScenario -->
  <testcase classname="lms.Runner.TestRunner$TestNGTestRunner" name="runScenario" time="4.516"/>
  <testcase classname="lms.Runner.TestRunner$TestNGTestRunner" name="runScenario" time="4.442"/>
  <testcase classname="lms.Runner.TestRunner$TestNGTestRunner" name="runScenario" time="12.171">
    <error message="Index 0 out of bounds for length 0" type="java.lang.IndexOutOfBoundsException">
      <![CDATA[java.lang.IndexOutOfBoundsException: Index 0 out of bounds for length 0
at java.base/jdk.internal.util.Preconditions.outOfBounds(Preconditions.java:100)
at java.base/jdk.internal.util.Preconditions.outOfBoundsCheckIndex(Preconditions.java:106)
at java.base/jdk.internal.util.Preconditions.checkIndex(Preconditions.java:302)
at java.base/java.util.Objects.checkIndex(Objects.java:385)
at java.base/java.util.ArrayList.get(ArrayList.java:427)
at java.base/jdk.internal.reflect.DirectMethodHandleAccessor.invoke(DirectMethodHandleAccessor.java:104)
at java.base/java.lang.reflect.Method.invoke(Method.java:578)
at org.openqa.selenium.support.pagefactory.internal.LocatingElementListHandler.invoke(LocatingElementListHandler.java:39)
at jdk.proxy2/jdk.proxy2.$Proxy46.get(Unknown Source)
at lms.PageObjects.ProgramPage.programName(ProgramPage.java:404)
at lms.StepDefinitions.SearchBarProgram_StepDefinition.admin_should_able_to_see_program_name_description_and_status_for_searched_program_name(SearchBarProgram_StepDefinition.java:31)
at ✽.Admin should able to see Program name, description, and status for searched program name(file:///Users/uvaraj/eclipse-workspace/Team12_TechRockstars_LMS_UI_Phase2/src/test/resources/Features/12_SearchBarProgram.feature:13)
]]>
    </error>
  </testcase> <!-- runScenario -->
  <testcase classname="lms.Runner.TestRunner$TestNGTestRunner" name="runScenario" time="5.308"/>
  <testcase classname="lms.Runner.TestRunner$TestNGTestRunner" name="runScenario" time="4.889"/>
  <testcase classname="lms.Runner.TestRunner$TestNGTestRunner" name="runScenario" time="4.198"/>
  <testcase classname="lms.Runner.TestRunner$TestNGTestRunner" name="runScenario" time="12.024">
    <error message="no such element: Unable to locate element: {&quot;method&quot;:&quot;xpath&quot;,&quot;selector&quot;:&quot;//span[normalize-space()=&#039;teckseleniumappium&#039;]&quot;}
  (Session info: chrome=133.0.6943.127)
For documentation on this error, please visit: https://www.selenium.dev/documentation/webdriver/troubleshooting/errors#no-such-element-exception
Build info: version: &#039;4.28.1&#039;, revision: &#039;73f5ad48a2&#039;
System info: os.name: &#039;Mac OS X&#039;, os.arch: &#039;x86_64&#039;, os.version: &#039;15.1.1&#039;, java.version: &#039;19.0.1&#039;
Driver info: org.openqa.selenium.chrome.ChromeDriver
Command: [83f9d400a5fee32f24e759e336cf1023, findElement {using=xpath, value=//span[normalize-space()=&#039;teckseleniumappium&#039;]}]
Capabilities {acceptInsecureCerts: false, browserName: chrome, browserVersion: 133.0.6943.127, chrome: {chromedriverVersion: 133.0.6943.126 (cffa127ce7b..., userDataDir: /var/folders/9x/bfy4ys6j4vn...}, fedcm:accounts: true, goog:chromeOptions: {debuggerAddress: localhost:60835}, networkConnectionEnabled: false, pageLoadStrategy: normal, platformName: mac, proxy: Proxy(), se:cdp: ws://localhost:60835/devtoo..., se:cdpVersion: 133.0.6943.127, setWindowRect: true, strictFileInteractability: false, timeouts: {implicit: 0, pageLoad: 300000, script: 30000}, unhandledPromptBehavior: dismiss and notify, webauthn:extension:credBlob: true, webauthn:extension:largeBlob: true, webauthn:extension:minPinLength: true, webauthn:extension:prf: true, webauthn:virtualAuthenticators: true}
Session ID: 83f9d400a5fee32f24e759e336cf1023" type="org.openqa.selenium.NoSuchElementException">
      <![CDATA[org.openqa.selenium.NoSuchElementException: no such element: Unable to locate element: {"method":"xpath","selector":"//span[normalize-space()='teckseleniumappium']"}
  (Session info: chrome=133.0.6943.127)
For documentation on this error, please visit: https://www.selenium.dev/documentation/webdriver/troubleshooting/errors#no-such-element-exception
Build info: version: '4.28.1', revision: '73f5ad48a2'
System info: os.name: 'Mac OS X', os.arch: 'x86_64', os.version: '15.1.1', java.version: '19.0.1'
Driver info: org.openqa.selenium.chrome.ChromeDriver
Command: [83f9d400a5fee32f24e759e336cf1023, findElement {using=xpath, value=//span[normalize-space()='teckseleniumappium']}]
Capabilities {acceptInsecureCerts: false, browserName: chrome, browserVersion: 133.0.6943.127, chrome: {chromedriverVersion: 133.0.6943.126 (cffa127ce7b..., userDataDir: /var/folders/9x/bfy4ys6j4vn...}, fedcm:accounts: true, goog:chromeOptions: {debuggerAddress: localhost:60835}, networkConnectionEnabled: false, pageLoadStrategy: normal, platformName: mac, proxy: Proxy(), se:cdp: ws://localhost:60835/devtoo..., se:cdpVersion: 133.0.6943.127, setWindowRect: true, strictFileInteractability: false, timeouts: {implicit: 0, pageLoad: 300000, script: 30000}, unhandledPromptBehavior: dismiss and notify, webauthn:extension:credBlob: true, webauthn:extension:largeBlob: true, webauthn:extension:minPinLength: true, webauthn:extension:prf: true, webauthn:virtualAuthenticators: true}
Session ID: 83f9d400a5fee32f24e759e336cf1023
at java.base/jdk.internal.reflect.DirectConstructorHandleAccessor.newInstance(DirectConstructorHandleAccessor.java:67)
at java.base/java.lang.reflect.Constructor.newInstanceWithCaller(Constructor.java:500)
at java.base/java.lang.reflect.Constructor.newInstance(Constructor.java:484)
at org.openqa.selenium.remote.ErrorCodec.decode(ErrorCodec.java:167)
at org.openqa.selenium.remote.codec.w3c.W3CHttpResponseCodec.decode(W3CHttpResponseCodec.java:138)
at org.openqa.selenium.remote.codec.w3c.W3CHttpResponseCodec.decode(W3CHttpResponseCodec.java:50)
at org.openqa.selenium.remote.HttpCommandExecutor.execute(HttpCommandExecutor.java:215)
at org.openqa.selenium.remote.service.DriverCommandExecutor.invokeExecute(DriverCommandExecutor.java:216)
at org.openqa.selenium.remote.service.DriverCommandExecutor.execute(DriverCommandExecutor.java:174)
at org.openqa.selenium.remote.RemoteWebDriver.execute(RemoteWebDriver.java:545)
at org.openqa.selenium.remote.ElementLocation$ElementFinder$2.findElement(ElementLocation.java:165)
at org.openqa.selenium.remote.ElementLocation.findElement(ElementLocation.java:59)
at org.openqa.selenium.remote.RemoteWebDriver.findElement(RemoteWebDriver.java:368)
at org.openqa.selenium.remote.RemoteWebDriver.findElement(RemoteWebDriver.java:362)
at lms.PageObjects.BatchPage.selectProgram(BatchPage.java:368)
at lms.StepDefinitions.BatchAddNewPopup_StepDefinition.admin_selects_program_name_present_in_the_dropdown(BatchAddNewPopup_StepDefinition.java:65)
at ✽.Admin selects program name present in the dropdown(file:///Users/uvaraj/eclipse-workspace/Team12_TechRockstars_LMS_UI_Phase2/src/test/resources/Features/09_AddNewBatchDetailsPopUp.feature:11)
]]>
    </error>
  </testcase> <!-- runScenario -->
  <testcase classname="lms.Runner.TestRunner$TestNGTestRunner" name="runScenario" time="5.397"/>
  <testcase classname="lms.Runner.TestRunner$TestNGTestRunner" name="runScenario" time="4.244"/>
  <testcase classname="lms.Runner.TestRunner$TestNGTestRunner" name="runScenario" time="4.135"/>
  <testcase classname="lms.Runner.TestRunner$TestNGTestRunner" name="runScenario" time="12.486">
    <error message="no such element: Unable to locate element: {&quot;method&quot;:&quot;xpath&quot;,&quot;selector&quot;:&quot;//tbody[@class=&#039;p-datatable-tbody&#039;]/tr[1]/td[6]&quot;}
  (Session info: chrome=133.0.6943.127)
For documentation on this error, please visit: https://www.selenium.dev/documentation/webdriver/troubleshooting/errors#no-such-element-exception
Build info: version: &#039;4.28.1&#039;, revision: &#039;73f5ad48a2&#039;
System info: os.name: &#039;Mac OS X&#039;, os.arch: &#039;x86_64&#039;, os.version: &#039;15.1.1&#039;, java.version: &#039;19.0.1&#039;
Driver info: org.openqa.selenium.chrome.ChromeDriver
Command: [5fbdba223ffc66e0cee0ed76b63959ab, findElement {using=xpath, value=//tbody[@class=&#039;p-datatable-tbody&#039;]/tr[1]/td[6]}]
Capabilities {acceptInsecureCerts: false, browserName: chrome, browserVersion: 133.0.6943.127, chrome: {chromedriverVersion: 133.0.6943.126 (cffa127ce7b..., userDataDir: /var/folders/9x/bfy4ys6j4vn...}, fedcm:accounts: true, goog:chromeOptions: {debuggerAddress: localhost:62099}, networkConnectionEnabled: false, pageLoadStrategy: normal, platformName: mac, proxy: Proxy(), se:cdp: ws://localhost:62099/devtoo..., se:cdpVersion: 133.0.6943.127, setWindowRect: true, strictFileInteractability: false, timeouts: {implicit: 0, pageLoad: 300000, script: 30000}, unhandledPromptBehavior: dismiss and notify, webauthn:extension:credBlob: true, webauthn:extension:largeBlob: true, webauthn:extension:minPinLength: true, webauthn:extension:prf: true, webauthn:virtualAuthenticators: true}
Session ID: 5fbdba223ffc66e0cee0ed76b63959ab" type="org.openqa.selenium.NoSuchElementException">
      <![CDATA[org.openqa.selenium.NoSuchElementException: no such element: Unable to locate element: {"method":"xpath","selector":"//tbody[@class='p-datatable-tbody']/tr[1]/td[6]"}
  (Session info: chrome=133.0.6943.127)
For documentation on this error, please visit: https://www.selenium.dev/documentation/webdriver/troubleshooting/errors#no-such-element-exception
Build info: version: '4.28.1', revision: '73f5ad48a2'
System info: os.name: 'Mac OS X', os.arch: 'x86_64', os.version: '15.1.1', java.version: '19.0.1'
Driver info: org.openqa.selenium.chrome.ChromeDriver
Command: [5fbdba223ffc66e0cee0ed76b63959ab, findElement {using=xpath, value=//tbody[@class='p-datatable-tbody']/tr[1]/td[6]}]
Capabilities {acceptInsecureCerts: false, browserName: chrome, browserVersion: 133.0.6943.127, chrome: {chromedriverVersion: 133.0.6943.126 (cffa127ce7b..., userDataDir: /var/folders/9x/bfy4ys6j4vn...}, fedcm:accounts: true, goog:chromeOptions: {debuggerAddress: localhost:62099}, networkConnectionEnabled: false, pageLoadStrategy: normal, platformName: mac, proxy: Proxy(), se:cdp: ws://localhost:62099/devtoo..., se:cdpVersion: 133.0.6943.127, setWindowRect: true, strictFileInteractability: false, timeouts: {implicit: 0, pageLoad: 300000, script: 30000}, unhandledPromptBehavior: dismiss and notify, webauthn:extension:credBlob: true, webauthn:extension:largeBlob: true, webauthn:extension:minPinLength: true, webauthn:extension:prf: true, webauthn:virtualAuthenticators: true}
Session ID: 5fbdba223ffc66e0cee0ed76b63959ab
at java.base/jdk.internal.reflect.DirectConstructorHandleAccessor.newInstance(DirectConstructorHandleAccessor.java:67)
at java.base/java.lang.reflect.Constructor.newInstanceWithCaller(Constructor.java:500)
at java.base/java.lang.reflect.Constructor.newInstance(Constructor.java:484)
at org.openqa.selenium.remote.ErrorCodec.decode(ErrorCodec.java:167)
at org.openqa.selenium.remote.codec.w3c.W3CHttpResponseCodec.decode(W3CHttpResponseCodec.java:138)
at org.openqa.selenium.remote.codec.w3c.W3CHttpResponseCodec.decode(W3CHttpResponseCodec.java:50)
at org.openqa.selenium.remote.HttpCommandExecutor.execute(HttpCommandExecutor.java:215)
at org.openqa.selenium.remote.service.DriverCommandExecutor.invokeExecute(DriverCommandExecutor.java:216)
at org.openqa.selenium.remote.service.DriverCommandExecutor.execute(DriverCommandExecutor.java:174)
at org.openqa.selenium.remote.RemoteWebDriver.execute(RemoteWebDriver.java:545)
at org.openqa.selenium.remote.ElementLocation$ElementFinder$2.findElement(ElementLocation.java:165)
at org.openqa.selenium.remote.ElementLocation.findElement(ElementLocation.java:59)
at org.openqa.selenium.remote.RemoteWebDriver.findElement(RemoteWebDriver.java:368)
at org.openqa.selenium.remote.RemoteWebDriver.findElement(RemoteWebDriver.java:362)
at lms.PageObjects.BatchPage.getProgramNameFromResults(BatchPage.java:287)
at lms.StepDefinitions.SearchTextboxValidation_StepDefinition.admin_should_see_the_filtered_batches_in_the_data_table(SearchTextboxValidation_StepDefinition.java:32)
at ✽.Admin should see the filtered batches in the data table(file:///Users/uvaraj/eclipse-workspace/Team12_TechRockstars_LMS_UI_Phase2/src/test/resources/Features/13_SearchTextboxValidation.feature:8)
]]>
    </error>
  </testcase> <!-- runScenario -->
  <testcase classname="lms.Runner.TestRunner$TestNGTestRunner" name="runScenario" time="5.870"/>
  <testcase classname="lms.Runner.TestRunner$TestNGTestRunner" name="runScenario" time="5.237"/>
  <testcase classname="lms.Runner.TestRunner$TestNGTestRunner" name="runScenario" time="5.185"/>
  <testcase classname="lms.Runner.TestRunner$TestNGTestRunner" name="runScenario" time="5.132"/>
  <testcase classname="lms.Runner.TestRunner$TestNGTestRunner" name="runScenario" time="12.063">
    <error message="Index 0 out of bounds for length 0" type="java.lang.IndexOutOfBoundsException">
      <![CDATA[java.lang.IndexOutOfBoundsException: Index 0 out of bounds for length 0
at java.base/jdk.internal.util.Preconditions.outOfBounds(Preconditions.java:100)
at java.base/jdk.internal.util.Preconditions.outOfBoundsCheckIndex(Preconditions.java:106)
at java.base/jdk.internal.util.Preconditions.checkIndex(Preconditions.java:302)
at java.base/java.util.Objects.checkIndex(Objects.java:385)
at java.base/java.util.ArrayList.get(ArrayList.java:427)
at java.base/jdk.internal.reflect.DirectMethodHandleAccessor.invoke(DirectMethodHandleAccessor.java:104)
at java.base/java.lang.reflect.Method.invoke(Method.java:578)
at org.openqa.selenium.support.pagefactory.internal.LocatingElementListHandler.invoke(LocatingElementListHandler.java:39)
at jdk.proxy2/jdk.proxy2.$Proxy46.get(Unknown Source)
at lms.PageObjects.ProgramPage.programName(ProgramPage.java:404)
at lms.StepDefinitions.EditProgram_StepDefinition.admin_can_change_the_status_of_the_program_and_click_on_save_button(EditProgram_StepDefinition.java:95)
at ✽.Admin can change the status of the program and click on save button(file:///Users/uvaraj/eclipse-workspace/Team12_TechRockstars_LMS_UI_Phase2/src/test/resources/Features/15_EditProgram.feature:50)
]]>
    </error>
  </testcase> <!-- runScenario -->
  <testcase classname="lms.Runner.TestRunner$TestNGTestRunner" name="runScenario" time="4.223"/>
  <testcase classname="lms.Runner.TestRunner$TestNGTestRunner" name="runScenario" time="5.149"/>
  <testcase classname="lms.Runner.TestRunner$TestNGTestRunner" name="runScenario" time="4.337"/>
  <testcase classname="lms.Runner.TestRunner$TestNGTestRunner" name="runScenario" time="12.197">
    <error message="Index 0 out of bounds for length 0" type="java.lang.IndexOutOfBoundsException">
      <![CDATA[java.lang.IndexOutOfBoundsException: Index 0 out of bounds for length 0
at java.base/jdk.internal.util.Preconditions.outOfBounds(Preconditions.java:100)
at java.base/jdk.internal.util.Preconditions.outOfBoundsCheckIndex(Preconditions.java:106)
at java.base/jdk.internal.util.Preconditions.checkIndex(Preconditions.java:302)
at java.base/java.util.Objects.checkIndex(Objects.java:385)
at java.base/java.util.ArrayList.get(ArrayList.java:427)
at java.base/jdk.internal.reflect.DirectMethodHandleAccessor.invoke(DirectMethodHandleAccessor.java:104)
at java.base/java.lang.reflect.Method.invoke(Method.java:578)
at org.openqa.selenium.support.pagefactory.internal.LocatingElementListHandler.invoke(LocatingElementListHandler.java:39)
at jdk.proxy2/jdk.proxy2.$Proxy46.get(Unknown Source)
at lms.PageObjects.ProgramPage.programName(ProgramPage.java:404)
at lms.StepDefinitions.SearchBarProgram_StepDefinition.admin_should_able_to_see_program_name_description_and_status_for_searched_program_name(SearchBarProgram_StepDefinition.java:31)
at ✽.Admin should able to see Program name, description, and status for searched program name(file:///Users/uvaraj/eclipse-workspace/Team12_TechRockstars_LMS_UI_Phase2/src/test/resources/Features/12_SearchBarProgram.feature:31)
]]>
    </error>
  </testcase> <!-- runScenario -->
  <testcase classname="lms.Runner.TestRunner$TestNGTestRunner" name="runScenario" time="3.694"/>
  <testcase classname="lms.Runner.TestRunner$TestNGTestRunner" name="runScenario" time="4.790"/>
  <testcase classname="lms.Runner.TestRunner$TestNGTestRunner" name="runScenario" time="3.926"/>
  <testcase classname="lms.Runner.TestRunner$TestNGTestRunner" name="runScenario" time="5.300">
    <failure message="Navigation bar element is not in the top-right side. expected [true] but found [false]" type="java.lang.AssertionError">
      <![CDATA[java.lang.AssertionError: Navigation bar element is not in the top-right side. expected [true] but found [false]
at org.testng.Assert.fail(Assert.java:111)
at org.testng.Assert.failNotEquals(Assert.java:1578)
at org.testng.Assert.assertTrue(Assert.java:57)
at lms.StepDefinitions.HomePage_StepDefinition.admin_should_see_the_navigation_bar_text_on_the_top_right_side(HomePage_StepDefinition.java:74)
at ✽.Admin should see the navigation bar text on the top right side(file:///Users/uvaraj/eclipse-workspace/Team12_TechRockstars_LMS_UI_Phase2/src/test/resources/Features/02_HomePage.feature:22)
]]>
    </failure>
  </testcase> <!-- runScenario -->
  <testcase classname="lms.Runner.TestRunner$TestNGTestRunner" name="runScenario" time="4.366"/>
  <testcase classname="lms.Runner.TestRunner$TestNGTestRunner" name="runScenario" time="4.996"/>
  <testcase classname="lms.Runner.TestRunner$TestNGTestRunner" name="runScenario" time="4.024"/>
  <testcase classname="lms.Runner.TestRunner$TestNGTestRunner" name="runScenario" time="4.805"/>
  <testcase classname="lms.Runner.TestRunner$TestNGTestRunner" name="runScenario" time="14.712"/>
  <testcase classname="lms.Runner.TestRunner$TestNGTestRunner" name="runScenario" time="4.699"/>
  <testcase classname="lms.Runner.TestRunner$TestNGTestRunner" name="runScenario" time="3.601">
    <failure message="expected [true] but found [false]" type="java.lang.AssertionError">
      <![CDATA[java.lang.AssertionError: expected [true] but found [false]
at org.testng.Assert.fail(Assert.java:111)
at org.testng.Assert.failNotEquals(Assert.java:1578)
at org.testng.Assert.assertTrue(Assert.java:57)
at org.testng.Assert.assertTrue(Assert.java:67)
at lms.StepDefinitions.Logout_StepDefinition.admin_should_receive_error_message(Logout_StepDefinition.java:67)
at ✽.Admin should receive error message(file:///Users/uvaraj/eclipse-workspace/Team12_TechRockstars_LMS_UI_Phase2/src/test/resources/Features/30_Logout.feature:18)
]]>
    </failure>
  </testcase> <!-- runScenario -->
  <testcase classname="lms.Runner.TestRunner$TestNGTestRunner" name="runScenario" time="5.092"/>
  <testcase classname="lms.Runner.TestRunner$TestNGTestRunner" name="runScenario" time="4.400"/>
  <testcase classname="lms.Runner.TestRunner$TestNGTestRunner" name="runScenario" time="3.604">
    <failure message="expected [true] but found [false]" type="java.lang.AssertionError">
      <![CDATA[java.lang.AssertionError: expected [true] but found [false]
at org.testng.Assert.fail(Assert.java:111)
at org.testng.Assert.failNotEquals(Assert.java:1578)
at org.testng.Assert.assertTrue(Assert.java:57)
at org.testng.Assert.assertTrue(Assert.java:67)
at lms.StepDefinitions.Logout_StepDefinition.admin_should_receive_error_message(Logout_StepDefinition.java:67)
at ✽.Admin should receive error message(file:///Users/uvaraj/eclipse-workspace/Team12_TechRockstars_LMS_UI_Phase2/src/test/resources/Features/30_Logout.feature:18)
]]>
    </failure>
  </testcase> <!-- runScenario -->
  <testcase classname="lms.Runner.TestRunner$TestNGTestRunner" name="runScenario" time="4.381"/>
  <testcase classname="lms.Runner.TestRunner$TestNGTestRunner" name="runScenario" time="3.655"/>
  <testcase classname="lms.Runner.TestRunner$TestNGTestRunner" name="runScenario" time="5.447"/>
  <testcase classname="lms.Runner.TestRunner$TestNGTestRunner" name="runScenario" time="12.438">
    <error message="Index 0 out of bounds for length 0" type="java.lang.IndexOutOfBoundsException">
      <![CDATA[java.lang.IndexOutOfBoundsException: Index 0 out of bounds for length 0
at java.base/jdk.internal.util.Preconditions.outOfBounds(Preconditions.java:100)
at java.base/jdk.internal.util.Preconditions.outOfBoundsCheckIndex(Preconditions.java:106)
at java.base/jdk.internal.util.Preconditions.checkIndex(Preconditions.java:302)
at java.base/java.util.Objects.checkIndex(Objects.java:385)
at java.base/java.util.ArrayList.get(ArrayList.java:427)
at java.base/jdk.internal.reflect.DirectMethodHandleAccessor.invoke(DirectMethodHandleAccessor.java:104)
at java.base/java.lang.reflect.Method.invoke(Method.java:578)
at org.openqa.selenium.support.pagefactory.internal.LocatingElementListHandler.invoke(LocatingElementListHandler.java:39)
at jdk.proxy2/jdk.proxy2.$Proxy46.get(Unknown Source)
at lms.PageObjects.ProgramPage.programName(ProgramPage.java:404)
at lms.StepDefinitions.SearchBarProgram_StepDefinition.admin_should_able_to_see_program_name_description_and_status_for_searched_program_name(SearchBarProgram_StepDefinition.java:31)
at ✽.Admin should able to see Program name, description, and status for searched program name(file:///Users/uvaraj/eclipse-workspace/Team12_TechRockstars_LMS_UI_Phase2/src/test/resources/Features/12_SearchBarProgram.feature:19)
]]>
    </error>
  </testcase> <!-- runScenario -->
  <testcase classname="lms.Runner.TestRunner$TestNGTestRunner" name="runScenario" time="4.796"/>
  <testcase classname="lms.Runner.TestRunner$TestNGTestRunner" name="runScenario" time="4.596"/>
  <testcase classname="lms.Runner.TestRunner$TestNGTestRunner" name="runScenario" time="4.682"/>
  <testcase classname="lms.Runner.TestRunner$TestNGTestRunner" name="runScenario" time="5.153"/>
  <testcase classname="lms.Runner.TestRunner$TestNGTestRunner" name="runScenario" time="4.627"/>
  <testcase classname="lms.Runner.TestRunner$TestNGTestRunner" name="runScenario" time="5.170"/>
  <testcase classname="lms.Runner.TestRunner$TestNGTestRunner" name="runScenario" time="5.294"/>
  <testcase classname="lms.Runner.TestRunner$TestNGTestRunner" name="runScenario" time="4.531"/>
  <testcase classname="lms.Runner.TestRunner$TestNGTestRunner" name="runScenario" time="15.537"/>
  <testcase classname="lms.Runner.TestRunner$TestNGTestRunner" name="runScenario" time="5.068"/>
  <testcase classname="lms.Runner.TestRunner$TestNGTestRunner" name="runScenario" time="4.581"/>
  <testcase classname="lms.Runner.TestRunner$TestNGTestRunner" name="runScenario" time="5.333"/>
  <testcase classname="lms.Runner.TestRunner$TestNGTestRunner" name="runScenario" time="4.307"/>
  <testcase classname="lms.Runner.TestRunner$TestNGTestRunner" name="runScenario" time="11.137">
    <error message="Index 0 out of bounds for length 0" type="java.lang.IndexOutOfBoundsException">
      <![CDATA[java.lang.IndexOutOfBoundsException: Index 0 out of bounds for length 0
at java.base/jdk.internal.util.Preconditions.outOfBounds(Preconditions.java:100)
at java.base/jdk.internal.util.Preconditions.outOfBoundsCheckIndex(Preconditions.java:106)
at java.base/jdk.internal.util.Preconditions.checkIndex(Preconditions.java:302)
at java.base/java.util.Objects.checkIndex(Objects.java:385)
at java.base/java.util.ArrayList.get(ArrayList.java:427)
at java.base/jdk.internal.reflect.DirectMethodHandleAccessor.invoke(DirectMethodHandleAccessor.java:104)
at java.base/java.lang.reflect.Method.invoke(Method.java:578)
at org.openqa.selenium.support.pagefactory.internal.LocatingElementListHandler.invoke(LocatingElementListHandler.java:39)
at jdk.proxy2/jdk.proxy2.$Proxy46.get(Unknown Source)
at lms.PageObjects.ProgramPage.programName(ProgramPage.java:404)
at lms.StepDefinitions.EditProgram_StepDefinition.admin_clicks_on_edit_icon_for_particular_program(EditProgram_StepDefinition.java:30)
at ✽.Admin clicks on edit icon for particular program(file:///Users/uvaraj/eclipse-workspace/Team12_TechRockstars_LMS_UI_Phase2/src/test/resources/Features/15_EditProgram.feature:23)
]]>
    </error>
  </testcase> <!-- runScenario -->
  <testcase classname="lms.Runner.TestRunner$TestNGTestRunner" name="runScenario" time="5.105"/>
  <testcase classname="lms.Runner.TestRunner$TestNGTestRunner" name="runScenario" time="4.838"/>
  <testcase classname="lms.Runner.TestRunner$TestNGTestRunner" name="runScenario" time="10.800">
    <error message="Index 0 out of bounds for length 0" type="java.lang.IndexOutOfBoundsException">
      <![CDATA[java.lang.IndexOutOfBoundsException: Index 0 out of bounds for length 0
at java.base/jdk.internal.util.Preconditions.outOfBounds(Preconditions.java:100)
at java.base/jdk.internal.util.Preconditions.outOfBoundsCheckIndex(Preconditions.java:106)
at java.base/jdk.internal.util.Preconditions.checkIndex(Preconditions.java:302)
at java.base/java.util.Objects.checkIndex(Objects.java:385)
at java.base/java.util.ArrayList.get(ArrayList.java:427)
at java.base/jdk.internal.reflect.DirectMethodHandleAccessor.invoke(DirectMethodHandleAccessor.java:104)
at java.base/java.lang.reflect.Method.invoke(Method.java:578)
at org.openqa.selenium.support.pagefactory.internal.LocatingElementListHandler.invoke(LocatingElementListHandler.java:39)
at jdk.proxy2/jdk.proxy2.$Proxy46.get(Unknown Source)
at lms.StepDefinitions.AddNewProgram_StepDefinition.admin_gets_error_message(AddNewProgram_StepDefinition.java:86)
at ✽.Admin gets error message(file:///Users/uvaraj/eclipse-workspace/Team12_TechRockstars_LMS_UI_Phase2/src/test/resources/Features/07_AddNewProgram.feature:30)
]]>
    </error>
  </testcase> <!-- runScenario -->
  <testcase classname="lms.Runner.TestRunner$TestNGTestRunner" name="runScenario" time="4.694"/>
  <testcase classname="lms.Runner.TestRunner$TestNGTestRunner" name="runScenario" time="4.559"/>
  <testcase classname="lms.Runner.TestRunner$TestNGTestRunner" name="runScenario" time="4.111"/>
  <testcase classname="lms.Runner.TestRunner$TestNGTestRunner" name="runScenario" time="11.620"/>
  <testcase classname="lms.Runner.TestRunner$TestNGTestRunner" name="runScenario" time="5.319"/>
  <testcase classname="lms.Runner.TestRunner$TestNGTestRunner" name="runScenario" time="5.531"/>
  <testcase classname="lms.Runner.TestRunner$TestNGTestRunner" name="runScenario" time="5.865"/>
  <testcase classname="lms.Runner.TestRunner$TestNGTestRunner" name="runScenario" time="5.539"/>
  <testcase classname="lms.Runner.TestRunner$TestNGTestRunner" name="runScenario" time="4.819"/>
  <testcase classname="lms.Runner.TestRunner$TestNGTestRunner" name="runScenario" time="5.334"/>
  <testcase classname="lms.Runner.TestRunner$TestNGTestRunner" name="runScenario" time="4.611"/>
  <testcase classname="lms.Runner.TestRunner$TestNGTestRunner" name="runScenario" time="5.033"/>
  <testcase classname="lms.Runner.TestRunner$TestNGTestRunner" name="runScenario" time="11.196"/>
  <testcase classname="lms.Runner.TestRunner$TestNGTestRunner" name="runScenario" time="14.956"/>
  <testcase classname="lms.Runner.TestRunner$TestNGTestRunner" name="runScenario" time="10.148">
    <error message="Index 0 out of bounds for length 0" type="java.lang.IndexOutOfBoundsException">
      <![CDATA[java.lang.IndexOutOfBoundsException: Index 0 out of bounds for length 0
at java.base/jdk.internal.util.Preconditions.outOfBounds(Preconditions.java:100)
at java.base/jdk.internal.util.Preconditions.outOfBoundsCheckIndex(Preconditions.java:106)
at java.base/jdk.internal.util.Preconditions.checkIndex(Preconditions.java:302)
at java.base/java.util.Objects.checkIndex(Objects.java:385)
at java.base/java.util.ArrayList.get(ArrayList.java:427)
at java.base/jdk.internal.reflect.DirectMethodHandleAccessor.invoke(DirectMethodHandleAccessor.java:104)
at java.base/java.lang.reflect.Method.invoke(Method.java:578)
at org.openqa.selenium.support.pagefactory.internal.LocatingElementListHandler.invoke(LocatingElementListHandler.java:39)
at jdk.proxy2/jdk.proxy2.$Proxy46.get(Unknown Source)
at lms.StepDefinitions.AddNewProgram_StepDefinition.admin_gets_error_message(AddNewProgram_StepDefinition.java:86)
at ✽.Admin gets error message(file:///Users/uvaraj/eclipse-workspace/Team12_TechRockstars_LMS_UI_Phase2/src/test/resources/Features/07_AddNewProgram.feature:30)
]]>
    </error>
  </testcase> <!-- runScenario -->
  <testcase classname="lms.Runner.TestRunner$TestNGTestRunner" name="runScenario" time="12.292">
    <error message="Index 0 out of bounds for length 0" type="java.lang.IndexOutOfBoundsException">
      <![CDATA[java.lang.IndexOutOfBoundsException: Index 0 out of bounds for length 0
at java.base/jdk.internal.util.Preconditions.outOfBounds(Preconditions.java:100)
at java.base/jdk.internal.util.Preconditions.outOfBoundsCheckIndex(Preconditions.java:106)
at java.base/jdk.internal.util.Preconditions.checkIndex(Preconditions.java:302)
at java.base/java.util.Objects.checkIndex(Objects.java:385)
at java.base/java.util.ArrayList.get(ArrayList.java:427)
at java.base/jdk.internal.reflect.DirectMethodHandleAccessor.invoke(DirectMethodHandleAccessor.java:104)
at java.base/java.lang.reflect.Method.invoke(Method.java:578)
at org.openqa.selenium.support.pagefactory.internal.LocatingElementListHandler.invoke(LocatingElementListHandler.java:39)
at jdk.proxy2/jdk.proxy2.$Proxy46.get(Unknown Source)
at lms.PageObjects.ProgramPage.programName(ProgramPage.java:404)
at lms.StepDefinitions.EditProgram_StepDefinition.admin_verifies_that_the_details_are_correctly_updated(EditProgram_StepDefinition.java:124)
at ✽.Admin verifies that the details are correctly updated.(file:///Users/uvaraj/eclipse-workspace/Team12_TechRockstars_LMS_UI_Phase2/src/test/resources/Features/15_EditProgram.feature:57)
]]>
    </error>
  </testcase> <!-- runScenario -->
  <testcase classname="lms.Runner.TestRunner$TestNGTestRunner" name="runScenario" time="4.882"/>
  <testcase classname="lms.Runner.TestRunner$TestNGTestRunner" name="runScenario" time="4.265"/>
  <testcase classname="lms.Runner.TestRunner$TestNGTestRunner" name="runScenario" time="4.045"/>
  <testcase classname="lms.Runner.TestRunner$TestNGTestRunner" name="runScenario" time="4.787"/>
  <testcase classname="lms.Runner.TestRunner$TestNGTestRunner" name="runScenario" time="11.769">
    <error message="Index 0 out of bounds for length 0" type="java.lang.IndexOutOfBoundsException">
      <![CDATA[java.lang.IndexOutOfBoundsException: Index 0 out of bounds for length 0
at java.base/jdk.internal.util.Preconditions.outOfBounds(Preconditions.java:100)
at java.base/jdk.internal.util.Preconditions.outOfBoundsCheckIndex(Preconditions.java:106)
at java.base/jdk.internal.util.Preconditions.checkIndex(Preconditions.java:302)
at java.base/java.util.Objects.checkIndex(Objects.java:385)
at java.base/java.util.ArrayList.get(ArrayList.java:427)
at java.base/jdk.internal.reflect.DirectMethodHandleAccessor.invoke(DirectMethodHandleAccessor.java:104)
at java.base/java.lang.reflect.Method.invoke(Method.java:578)
at org.openqa.selenium.support.pagefactory.internal.LocatingElementListHandler.invoke(LocatingElementListHandler.java:39)
at jdk.proxy2/jdk.proxy2.$Proxy46.get(Unknown Source)
at lms.PageObjects.ProgramPage.programName(ProgramPage.java:404)
at lms.StepDefinitions.EditProgram_StepDefinition.admin_clicks_on_edit_icon_for_particular_program(EditProgram_StepDefinition.java:30)
at ✽.Admin clicks on edit icon for particular program(file:///Users/uvaraj/eclipse-workspace/Team12_TechRockstars_LMS_UI_Phase2/src/test/resources/Features/15_EditProgram.feature:11)
]]>
    </error>
  </testcase> <!-- runScenario -->
  <testcase classname="lms.Runner.TestRunner$TestNGTestRunner" name="runScenario" time="4.613"/>
  <testcase classname="lms.Runner.TestRunner$TestNGTestRunner" name="runScenario" time="4.855"/>
  <testcase classname="lms.Runner.TestRunner$TestNGTestRunner" name="runScenario" time="11.455">
    <error message="Index 0 out of bounds for length 0" type="java.lang.IndexOutOfBoundsException">
      <![CDATA[java.lang.IndexOutOfBoundsException: Index 0 out of bounds for length 0
at java.base/jdk.internal.util.Preconditions.outOfBounds(Preconditions.java:100)
at java.base/jdk.internal.util.Preconditions.outOfBoundsCheckIndex(Preconditions.java:106)
at java.base/jdk.internal.util.Preconditions.checkIndex(Preconditions.java:302)
at java.base/java.util.Objects.checkIndex(Objects.java:385)
at java.base/java.util.ArrayList.get(ArrayList.java:427)
at java.base/jdk.internal.reflect.DirectMethodHandleAccessor.invoke(DirectMethodHandleAccessor.java:104)
at java.base/java.lang.reflect.Method.invoke(Method.java:578)
at org.openqa.selenium.support.pagefactory.internal.LocatingElementListHandler.invoke(LocatingElementListHandler.java:39)
at jdk.proxy2/jdk.proxy2.$Proxy46.get(Unknown Source)
at lms.PageObjects.ProgramPage.programName(ProgramPage.java:404)
at lms.StepDefinitions.SearchBarProgram_StepDefinition.admin_should_able_to_see_program_name_description_and_status_for_searched_program_name(SearchBarProgram_StepDefinition.java:31)
at ✽.Admin should able to see Program name, description, and status for searched program name(file:///Users/uvaraj/eclipse-workspace/Team12_TechRockstars_LMS_UI_Phase2/src/test/resources/Features/12_SearchBarProgram.feature:13)
]]>
    </error>
  </testcase> <!-- runScenario -->
  <testcase classname="lms.Runner.TestRunner$TestNGTestRunner" name="runScenario" time="5.873"/>
  <testcase classname="lms.Runner.TestRunner$TestNGTestRunner" name="runScenario" time="5.712"/>
  <testcase classname="lms.Runner.TestRunner$TestNGTestRunner" name="runScenario" time="4.160"/>
  <testcase classname="lms.Runner.TestRunner$TestNGTestRunner" name="runScenario" time="5.046"/>
  <testcase classname="lms.Runner.TestRunner$TestNGTestRunner" name="runScenario" time="5.160"/>
  <testcase classname="lms.Runner.TestRunner$TestNGTestRunner" name="runScenario" time="7.382"/>
  <testcase classname="lms.Runner.TestRunner$TestNGTestRunner" name="runScenario" time="4.434"/>
  <testcase classname="lms.Runner.TestRunner$TestNGTestRunner" name="runScenario" time="6.996"/>
  <testcase classname="lms.Runner.TestRunner$TestNGTestRunner" name="runScenario" time="4.395"/>
  <testcase classname="lms.Runner.TestRunner$TestNGTestRunner" name="runScenario" time="5.255"/>
  <testcase classname="lms.Runner.TestRunner$TestNGTestRunner" name="runScenario" time="5.527"/>
  <testcase classname="lms.Runner.TestRunner$TestNGTestRunner" name="runScenario" time="5.319"/>
  <testcase classname="lms.Runner.TestRunner$TestNGTestRunner" name="runScenario" time="6.768"/>
  <testcase classname="lms.Runner.TestRunner$TestNGTestRunner" name="runScenario" time="4.250"/>
  <testcase classname="lms.Runner.TestRunner$TestNGTestRunner" name="runScenario" time="12.352"/>
  <testcase classname="lms.Runner.TestRunner$TestNGTestRunner" name="runScenario" time="4.662"/>
  <testcase classname="lms.Runner.TestRunner$TestNGTestRunner" name="runScenario" time="3.866"/>
</testsuite> <!-- lms.Runner.TestRunner$TestNGTestRunner -->
